{"/home/travis/build/npmtest/node-npmtest-node-notifier/test.js":{"path":"/home/travis/build/npmtest/node-npmtest-node-notifier/test.js","s":{"1":2,"2":2,"3":2,"4":2,"5":2,"6":2,"7":2,"8":1,"9":2,"10":2,"11":1,"12":1,"13":1,"14":1,"15":2,"16":2,"17":2,"18":2,"19":1,"20":1,"21":2,"22":2,"23":2,"24":1,"25":1,"26":1,"27":1,"28":1,"29":1,"30":1,"31":1,"32":1,"33":1,"34":1,"35":1,"36":1,"37":2,"38":2,"39":1,"40":2,"41":2,"42":1,"43":2,"44":2,"45":1,"46":2,"47":2,"48":1,"49":1,"50":1,"51":1,"52":1},"b":{"1":[2,1,1,1],"2":[1,1,1,1],"3":[1,1],"4":[1,1],"5":[1,1],"6":[1,1],"7":[1,1],"8":[1,1],"9":[1,1,1],"10":[1,1],"11":[1,1],"12":[1,1],"13":[1,1],"14":[1,1],"15":[1,1],"16":[1,1]},"f":{"1":2,"2":2,"3":2,"4":2,"5":2,"6":1,"7":1,"8":2,"9":2,"10":2,"11":2,"12":1},"fnMap":{"1":{"name":"(anonymous_1)","line":12,"loc":{"start":{"line":12,"column":1},"end":{"line":12,"column":13}}},"2":{"name":"(anonymous_2)","line":19,"loc":{"start":{"line":19,"column":5},"end":{"line":19,"column":17}}},"3":{"name":"(anonymous_3)","line":23,"loc":{"start":{"line":23,"column":24},"end":{"line":23,"column":36}}},"4":{"name":"(anonymous_4)","line":61,"loc":{"start":{"line":61,"column":5},"end":{"line":61,"column":17}}},"5":{"name":"(anonymous_5)","line":82,"loc":{"start":{"line":82,"column":5},"end":{"line":82,"column":17}}},"6":{"name":"(anonymous_6)","line":102,"loc":{"start":{"line":102,"column":83},"end":{"line":105,"column":10}},"skip":true},"7":{"name":"(anonymous_7)","line":113,"loc":{"start":{"line":113,"column":77},"end":{"line":116,"column":10}},"skip":true},"8":{"name":"(anonymous_8)","line":129,"loc":{"start":{"line":129,"column":12},"end":{"line":129,"column":40}},"skip":true},"9":{"name":"(anonymous_9)","line":137,"loc":{"start":{"line":137,"column":77},"end":{"line":140,"column":10}},"skip":true},"10":{"name":"(anonymous_10)","line":148,"loc":{"start":{"line":148,"column":83},"end":{"line":151,"column":10}},"skip":true},"11":{"name":"(anonymous_11)","line":159,"loc":{"start":{"line":159,"column":79},"end":{"line":162,"column":10}},"skip":true},"12":{"name":"(anonymous_12)","line":170,"loc":{"start":{"line":170,"column":75},"end":{"line":173,"column":10}},"skip":true}},"statementMap":{"1":{"start":{"line":12,"column":0},"end":{"line":185,"column":5}},"2":{"start":{"line":14,"column":4},"end":{"line":14,"column":14}},"3":{"start":{"line":19,"column":4},"end":{"line":56,"column":9}},"4":{"start":{"line":21,"column":8},"end":{"line":21,"column":19}},"5":{"start":{"line":23,"column":8},"end":{"line":35,"column":13}},"6":{"start":{"line":24,"column":12},"end":{"line":34,"column":13}},"7":{"start":{"line":25,"column":16},"end":{"line":28,"column":30}},"8":{"start":{"line":30,"column":16},"end":{"line":33,"column":27}},"9":{"start":{"line":37,"column":8},"end":{"line":39,"column":21}},"10":{"start":{"line":40,"column":8},"end":{"line":53,"column":9}},"11":{"start":{"line":43,"column":12},"end":{"line":46,"column":14}},"12":{"start":{"line":47,"column":12},"end":{"line":47,"column":18}},"13":{"start":{"line":50,"column":12},"end":{"line":51,"column":46}},"14":{"start":{"line":52,"column":12},"end":{"line":52,"column":18}},"15":{"start":{"line":55,"column":8},"end":{"line":55,"column":35}},"16":{"start":{"line":61,"column":4},"end":{"line":63,"column":9}},"17":{"start":{"line":62,"column":8},"end":{"line":62,"column":15}},"18":{"start":{"line":64,"column":4},"end":{"line":77,"column":5}},"19":{"start":{"line":70,"column":8},"end":{"line":70,"column":14}},"20":{"start":{"line":76,"column":8},"end":{"line":76,"column":14}},"21":{"start":{"line":82,"column":4},"end":{"line":84,"column":9}},"22":{"start":{"line":83,"column":8},"end":{"line":83,"column":15}},"23":{"start":{"line":85,"column":4},"end":{"line":184,"column":5}},"24":{"start":{"line":92,"column":8},"end":{"line":94,"column":63}},"25":{"start":{"line":95,"column":8},"end":{"line":95,"column":14}},"26":{"start":{"line":102,"column":8},"end":{"line":111,"column":10},"skip":true},"27":{"start":{"line":109,"column":12},"end":{"line":109,"column":55},"skip":true},"28":{"start":{"line":110,"column":12},"end":{"line":110,"column":48},"skip":true},"29":{"start":{"line":113,"column":8},"end":{"line":126,"column":10},"skip":true},"30":{"start":{"line":120,"column":12},"end":{"line":120,"column":76},"skip":true},"31":{"start":{"line":121,"column":12},"end":{"line":121,"column":73},"skip":true},"32":{"start":{"line":122,"column":12},"end":{"line":122,"column":74},"skip":true},"33":{"start":{"line":123,"column":12},"end":{"line":123,"column":79},"skip":true},"34":{"start":{"line":124,"column":12},"end":{"line":124,"column":25},"skip":true},"35":{"start":{"line":125,"column":12},"end":{"line":125,"column":45},"skip":true},"36":{"start":{"line":128,"column":8},"end":{"line":135,"column":14},"skip":true},"37":{"start":{"line":133,"column":16},"end":{"line":133,"column":29},"skip":true},"38":{"start":{"line":134,"column":16},"end":{"line":134,"column":55},"skip":true},"39":{"start":{"line":137,"column":8},"end":{"line":146,"column":10},"skip":true},"40":{"start":{"line":144,"column":12},"end":{"line":144,"column":25},"skip":true},"41":{"start":{"line":145,"column":12},"end":{"line":145,"column":45},"skip":true},"42":{"start":{"line":148,"column":8},"end":{"line":157,"column":10},"skip":true},"43":{"start":{"line":155,"column":12},"end":{"line":155,"column":25},"skip":true},"44":{"start":{"line":156,"column":12},"end":{"line":156,"column":48},"skip":true},"45":{"start":{"line":159,"column":8},"end":{"line":168,"column":10},"skip":true},"46":{"start":{"line":166,"column":12},"end":{"line":166,"column":25},"skip":true},"47":{"start":{"line":167,"column":12},"end":{"line":167,"column":46},"skip":true},"48":{"start":{"line":170,"column":8},"end":{"line":179,"column":10},"skip":true},"49":{"start":{"line":177,"column":12},"end":{"line":177,"column":94},"skip":true},"50":{"start":{"line":178,"column":12},"end":{"line":178,"column":48},"skip":true},"51":{"start":{"line":182,"column":8},"end":{"line":182,"column":35},"skip":true},"52":{"start":{"line":183,"column":8},"end":{"line":183,"column":14},"skip":true}},"branchMap":{"1":{"line":25,"type":"binary-expr","locations":[{"start":{"line":25,"column":23},"end":{"line":25,"column":62}},{"start":{"line":26,"column":20},"end":{"line":26,"column":70}},{"start":{"line":27,"column":20},"end":{"line":27,"column":71}},{"start":{"line":28,"column":20},"end":{"line":28,"column":29}}]},"2":{"line":30,"type":"binary-expr","locations":[{"start":{"line":30,"column":23},"end":{"line":30,"column":37}},{"start":{"line":31,"column":20},"end":{"line":31,"column":61}},{"start":{"line":32,"column":20},"end":{"line":32,"column":70}},{"start":{"line":33,"column":20},"end":{"line":33,"column":26}}]},"3":{"line":37,"type":"cond-expr","locations":[{"start":{"line":38,"column":14},"end":{"line":38,"column":20}},{"start":{"line":39,"column":14},"end":{"line":39,"column":20}}]},"4":{"line":40,"type":"switch","locations":[{"start":{"line":42,"column":8},"end":{"line":47,"column":18}},{"start":{"line":49,"column":8},"end":{"line":52,"column":18}}]},"5":{"line":44,"type":"binary-expr","locations":[{"start":{"line":44,"column":16},"end":{"line":44,"column":44}},{"start":{"line":44,"column":48},"end":{"line":44,"column":66}}]},"6":{"line":50,"type":"binary-expr","locations":[{"start":{"line":50,"column":21},"end":{"line":50,"column":49}},{"start":{"line":50,"column":53},"end":{"line":50,"column":72}}]},"7":{"line":64,"type":"switch","locations":[{"start":{"line":69,"column":4},"end":{"line":70,"column":14}},{"start":{"line":75,"column":4},"end":{"line":76,"column":14}}]},"8":{"line":85,"type":"switch","locations":[{"start":{"line":90,"column":4},"end":{"line":95,"column":14}},{"start":{"line":101,"column":4},"end":{"line":183,"column":14},"skip":true}]},"9":{"line":92,"type":"binary-expr","locations":[{"start":{"line":92,"column":18},"end":{"line":92,"column":32}},{"start":{"line":93,"column":12},"end":{"line":93,"column":53}},{"start":{"line":94,"column":12},"end":{"line":94,"column":61}}]},"10":{"line":102,"type":"binary-expr","locations":[{"start":{"line":102,"column":45},"end":{"line":102,"column":79},"skip":true},{"start":{"line":102,"column":83},"end":{"line":111,"column":9},"skip":true}]},"11":{"line":113,"type":"binary-expr","locations":[{"start":{"line":113,"column":42},"end":{"line":113,"column":73},"skip":true},{"start":{"line":113,"column":77},"end":{"line":126,"column":9},"skip":true}]},"12":{"line":128,"type":"binary-expr","locations":[{"start":{"line":128,"column":48},"end":{"line":128,"column":85},"skip":true},{"start":{"line":129,"column":12},"end":{"line":135,"column":13},"skip":true}]},"13":{"line":137,"type":"binary-expr","locations":[{"start":{"line":137,"column":42},"end":{"line":137,"column":73},"skip":true},{"start":{"line":137,"column":77},"end":{"line":146,"column":9},"skip":true}]},"14":{"line":148,"type":"binary-expr","locations":[{"start":{"line":148,"column":45},"end":{"line":148,"column":79},"skip":true},{"start":{"line":148,"column":83},"end":{"line":157,"column":9},"skip":true}]},"15":{"line":159,"type":"binary-expr","locations":[{"start":{"line":159,"column":43},"end":{"line":159,"column":75},"skip":true},{"start":{"line":159,"column":79},"end":{"line":168,"column":9},"skip":true}]},"16":{"line":170,"type":"binary-expr","locations":[{"start":{"line":170,"column":41},"end":{"line":170,"column":71},"skip":true},{"start":{"line":170,"column":75},"end":{"line":179,"column":9},"skip":true}]}},"code":["/* istanbul instrument in package npmtest_node_notifier */","/*jslint","    bitwise: true,","    browser: true,","    maxerr: 8,","    maxlen: 96,","    node: true,","    nomen: true,","    regexp: true,","    stupid: true","*/","(function () {","    'use strict';","    var local;","","","","    // run shared js-env code - pre-init","    (function () {","        // init local","        local = {};","        // init modeJs","        local.modeJs = (function () {","            try {","                return typeof navigator.userAgent === 'string' &&","                    typeof document.querySelector('body') === 'object' &&","                    typeof XMLHttpRequest.prototype.open === 'function' &&","                    'browser';","            } catch (errorCaughtBrowser) {","                return module.exports &&","                    typeof process.versions.node === 'string' &&","                    typeof require('http').createServer === 'function' &&","                    'node';","            }","        }());","        // init global","        local.global = local.modeJs === 'browser'","            ? window","            : global;","        switch (local.modeJs) {","        // re-init local from window.local","        case 'browser':","            local = local.global.utility2.objectSetDefault(","                local.global.utility2_rollup || local.global.local,","                local.global.utility2","            );","            break;","        // re-init local from example.js","        case 'node':","            local = (local.global.utility2_rollup || require('utility2'))","                .requireExampleJsFromReadme();","            break;","        }","        // export local","        local.global.local = local;","    }());","","","","    // run shared js-env code - function","    (function () {","        return;","    }());","    switch (local.modeJs) {","","","","    // run browser js-env code - function","    case 'browser':","        break;","","","","    // run node js-env code - function","    case 'node':","        break;","    }","","","","    // run shared js-env code - post-init","    (function () {","        return;","    }());","    switch (local.modeJs) {","","","","    // run browser js-env code - post-init","    case 'browser':","        // run tests","        local.nop(local.modeTest &&","            document.querySelector('#testRunButton1') &&","            document.querySelector('#testRunButton1').click());","        break;","","","","    // run node js-env code - post-init","    /* istanbul ignore next */","    case 'node':","        local.testCase_buildApidoc_default = local.testCase_buildApidoc_default || function (","            options,","            onError","        ) {","        /*","         * this function will test buildApidoc's default handling-behavior-behavior","         */","            options = { modulePathList: module.paths };","            local.buildApidoc(options, onError);","        };","","        local.testCase_buildApp_default = local.testCase_buildApp_default || function (","            options,","            onError","        ) {","        /*","         * this function will test buildApp's default handling-behavior-behavior","         */","            local.testCase_buildReadme_default(options, local.onErrorThrow);","            local.testCase_buildLib_default(options, local.onErrorThrow);","            local.testCase_buildTest_default(options, local.onErrorThrow);","            local.testCase_buildCustomOrg_default(options, local.onErrorThrow);","            options = [];","            local.buildApp(options, onError);","        };","","        local.testCase_buildCustomOrg_default = local.testCase_buildCustomOrg_default ||","            function (options, onError) {","            /*","             * this function will test buildCustomOrg's default handling-behavior","             */","                options = {};","                local.buildCustomOrg(options, onError);","            };","","        local.testCase_buildLib_default = local.testCase_buildLib_default || function (","            options,","            onError","        ) {","        /*","         * this function will test buildLib's default handling-behavior","         */","            options = {};","            local.buildLib(options, onError);","        };","","        local.testCase_buildReadme_default = local.testCase_buildReadme_default || function (","            options,","            onError","        ) {","        /*","         * this function will test buildReadme's default handling-behavior-behavior","         */","            options = {};","            local.buildReadme(options, onError);","        };","","        local.testCase_buildTest_default = local.testCase_buildTest_default || function (","            options,","            onError","        ) {","        /*","         * this function will test buildTest's default handling-behavior","         */","            options = {};","            local.buildTest(options, onError);","        };","","        local.testCase_webpage_default = local.testCase_webpage_default || function (","            options,","            onError","        ) {","        /*","         * this function will test webpage's default handling-behavior","         */","            options = { modeCoverageMerge: true, url: local.serverLocalHost + '?modeTest=1' };","            local.browserTest(options, onError);","        };","","        // run test-server","        local.testRunServer(local);","        break;","    }","}());",""],"l":{"12":2,"14":2,"19":2,"21":2,"23":2,"24":2,"25":2,"30":1,"37":2,"40":2,"43":1,"47":1,"50":1,"52":1,"55":2,"61":2,"62":2,"64":2,"70":1,"76":1,"82":2,"83":2,"85":2,"92":1,"95":1,"102":1,"109":1,"110":1,"113":1,"120":1,"121":1,"122":1,"123":1,"124":1,"125":1,"128":1,"133":2,"134":2,"137":1,"144":2,"145":2,"148":1,"155":2,"156":2,"159":1,"166":2,"167":2,"170":1,"177":1,"178":1,"182":1,"183":1}},"/home/travis/build/npmtest/node-npmtest-node-notifier/lib.npmtest_node_notifier.js":{"path":"/home/travis/build/npmtest/node-npmtest-node-notifier/lib.npmtest_node_notifier.js","s":{"1":2,"2":2,"3":2,"4":2,"5":2,"6":2,"7":2,"8":1,"9":2,"10":2,"11":2,"12":2,"13":1,"14":1,"15":1,"16":1},"b":{"1":[2,1,1,1],"2":[1,1,1,1],"3":[1,1],"4":[2,2],"5":[1,1]},"f":{"1":2,"2":2,"3":2},"fnMap":{"1":{"name":"(anonymous_1)","line":12,"loc":{"start":{"line":12,"column":1},"end":{"line":12,"column":13}}},"2":{"name":"(anonymous_2)","line":19,"loc":{"start":{"line":19,"column":5},"end":{"line":19,"column":17}}},"3":{"name":"(anonymous_3)","line":23,"loc":{"start":{"line":23,"column":24},"end":{"line":23,"column":36}}}},"statementMap":{"1":{"start":{"line":12,"column":0},"end":{"line":53,"column":5}},"2":{"start":{"line":14,"column":4},"end":{"line":14,"column":14}},"3":{"start":{"line":19,"column":4},"end":{"line":52,"column":9}},"4":{"start":{"line":21,"column":8},"end":{"line":21,"column":19}},"5":{"start":{"line":23,"column":8},"end":{"line":35,"column":13}},"6":{"start":{"line":24,"column":12},"end":{"line":34,"column":13}},"7":{"start":{"line":25,"column":16},"end":{"line":28,"column":30}},"8":{"start":{"line":30,"column":16},"end":{"line":33,"column":27}},"9":{"start":{"line":37,"column":8},"end":{"line":39,"column":21}},"10":{"start":{"line":41,"column":8},"end":{"line":41,"column":54}},"11":{"start":{"line":43,"column":8},"end":{"line":43,"column":58}},"12":{"start":{"line":45,"column":8},"end":{"line":51,"column":9}},"13":{"start":{"line":46,"column":12},"end":{"line":46,"column":64}},"14":{"start":{"line":48,"column":12},"end":{"line":48,"column":35}},"15":{"start":{"line":49,"column":12},"end":{"line":49,"column":49}},"16":{"start":{"line":50,"column":12},"end":{"line":50,"column":43}}},"branchMap":{"1":{"line":25,"type":"binary-expr","locations":[{"start":{"line":25,"column":23},"end":{"line":25,"column":62}},{"start":{"line":26,"column":20},"end":{"line":26,"column":70}},{"start":{"line":27,"column":20},"end":{"line":27,"column":71}},{"start":{"line":28,"column":20},"end":{"line":28,"column":29}}]},"2":{"line":30,"type":"binary-expr","locations":[{"start":{"line":30,"column":23},"end":{"line":30,"column":37}},{"start":{"line":31,"column":20},"end":{"line":31,"column":61}},{"start":{"line":32,"column":20},"end":{"line":32,"column":70}},{"start":{"line":33,"column":20},"end":{"line":33,"column":26}}]},"3":{"line":37,"type":"cond-expr","locations":[{"start":{"line":38,"column":14},"end":{"line":38,"column":20}},{"start":{"line":39,"column":14},"end":{"line":39,"column":20}}]},"4":{"line":41,"type":"binary-expr","locations":[{"start":{"line":41,"column":16},"end":{"line":41,"column":44}},{"start":{"line":41,"column":48},"end":{"line":41,"column":53}}]},"5":{"line":45,"type":"if","locations":[{"start":{"line":45,"column":8},"end":{"line":45,"column":8}},{"start":{"line":45,"column":8},"end":{"line":45,"column":8}}]}},"code":["/* istanbul instrument in package npmtest_node_notifier */","/*jslint","    bitwise: true,","    browser: true,","    maxerr: 8,","    maxlen: 96,","    node: true,","    nomen: true,","    regexp: true,","    stupid: true","*/","(function () {","    'use strict';","    var local;","","","","    // run shared js-env code - pre-init","    (function () {","        // init local","        local = {};","        // init modeJs","        local.modeJs = (function () {","            try {","                return typeof navigator.userAgent === 'string' &&","                    typeof document.querySelector('body') === 'object' &&","                    typeof XMLHttpRequest.prototype.open === 'function' &&","                    'browser';","            } catch (errorCaughtBrowser) {","                return module.exports &&","                    typeof process.versions.node === 'string' &&","                    typeof require('http').createServer === 'function' &&","                    'node';","            }","        }());","        // init global","        local.global = local.modeJs === 'browser'","            ? window","            : global;","        // init utility2_rollup","        local = local.global.utility2_rollup || local;","        // init lib","        local.local = local.npmtest_node_notifier = local;","        // init exports","        if (local.modeJs === 'browser') {","            local.global.utility2_npmtest_node_notifier = local;","        } else {","            module.exports = local;","            module.exports.__dirname = __dirname;","            module.exports.module = module;","        }","    }());","}());",""],"l":{"12":2,"14":2,"19":2,"21":2,"23":2,"24":2,"25":2,"30":1,"37":2,"41":2,"43":2,"45":2,"46":1,"48":1,"49":1,"50":1}},"/home/travis/build/npmtest/node-npmtest-node-notifier/example.js":{"path":"/home/travis/build/npmtest/node-npmtest-node-notifier/example.js","s":{"1":2,"2":2,"3":2,"4":2,"5":2,"6":2,"7":2,"8":1,"9":2,"10":2,"11":2,"12":2,"13":1,"14":2,"15":2,"16":2,"17":2,"18":2,"19":0,"20":2,"21":1,"22":1,"23":1,"24":1,"25":1,"26":0,"27":0,"28":1,"29":1,"30":2,"31":0,"32":0,"33":0,"34":1,"35":2,"36":2,"37":2,"38":2,"39":2,"40":2,"41":0,"42":2,"43":2,"44":2,"45":1,"46":3,"47":1,"48":1,"49":1,"50":1,"51":1,"52":1,"53":1,"54":1,"55":1,"56":1,"57":0,"58":1,"59":6,"60":6,"61":1,"62":2,"63":0,"64":2,"65":1,"66":1,"67":0,"68":0,"69":0,"70":0,"71":0,"72":0,"73":0,"74":0,"75":0,"76":0,"77":0,"78":0,"79":0,"80":0,"81":0,"82":0,"83":0},"b":{"1":[2,1,1,1],"2":[1,1,1,1],"3":[1,1],"4":[2,2],"5":[1,1],"6":[1,1],"7":[2,0],"8":[2,1,1,1,1,1],"9":[0,2,0],"10":[1,1],"11":[2,1,1],"12":[1,0],"13":[0,2],"14":[2,0,0,0,0,0,0],"15":[0,2],"16":[2,0],"17":[1,1],"18":[0,1],"19":[1,2,0,2],"20":[1,0],"21":[1,1],"22":[0,0],"23":[0,0],"24":[0,0],"25":[0,0],"26":[0,0],"27":[0,0],"28":[0,0]},"f":{"1":2,"2":2,"3":2,"4":2,"5":2,"6":2,"7":2,"8":2,"9":3,"10":1,"11":6,"12":0},"fnMap":{"1":{"name":"(anonymous_1)","line":26,"loc":{"start":{"line":26,"column":1},"end":{"line":26,"column":13}}},"2":{"name":"(anonymous_2)","line":33,"loc":{"start":{"line":33,"column":5},"end":{"line":33,"column":17}}},"3":{"name":"(anonymous_3)","line":37,"loc":{"start":{"line":37,"column":24},"end":{"line":37,"column":36}}},"4":{"name":"(anonymous_4)","line":69,"loc":{"start":{"line":69,"column":31},"end":{"line":69,"column":48}},"skip":true},"5":{"name":"(anonymous_5)","line":78,"loc":{"start":{"line":78,"column":26},"end":{"line":78,"column":45}},"skip":true},"6":{"name":"(anonymous_6)","line":123,"loc":{"start":{"line":123,"column":33},"end":{"line":123,"column":48}},"skip":true},"7":{"name":"(anonymous_7)","line":125,"loc":{"start":{"line":125,"column":27},"end":{"line":125,"column":39}},"skip":true},"8":{"name":"(anonymous_8)","line":133,"loc":{"start":{"line":133,"column":59},"end":{"line":133,"column":74}},"skip":true},"9":{"name":"(anonymous_9)","line":143,"loc":{"start":{"line":143,"column":45},"end":{"line":143,"column":62}},"skip":true},"10":{"name":"(anonymous_10)","line":144,"loc":{"start":{"line":144,"column":73},"end":{"line":144,"column":92}},"skip":true},"11":{"name":"(anonymous_11)","line":272,"loc":{"start":{"line":272,"column":51},"end":{"line":272,"column":77}},"skip":true},"12":{"name":"(anonymous_12)","line":314,"loc":{"start":{"line":314,"column":32},"end":{"line":314,"column":61}},"skip":true}},"statementMap":{"1":{"start":{"line":26,"column":0},"end":{"line":325,"column":5}},"2":{"start":{"line":28,"column":4},"end":{"line":28,"column":14}},"3":{"start":{"line":33,"column":4},"end":{"line":60,"column":9}},"4":{"start":{"line":35,"column":8},"end":{"line":35,"column":19}},"5":{"start":{"line":37,"column":8},"end":{"line":49,"column":13}},"6":{"start":{"line":38,"column":12},"end":{"line":48,"column":13}},"7":{"start":{"line":39,"column":16},"end":{"line":42,"column":30}},"8":{"start":{"line":44,"column":16},"end":{"line":47,"column":27}},"9":{"start":{"line":51,"column":8},"end":{"line":53,"column":21}},"10":{"start":{"line":55,"column":8},"end":{"line":57,"column":45}},"11":{"start":{"line":59,"column":8},"end":{"line":59,"column":35}},"12":{"start":{"line":61,"column":4},"end":{"line":324,"column":5}},"13":{"start":{"line":69,"column":8},"end":{"line":121,"column":10},"skip":true},"14":{"start":{"line":70,"column":12},"end":{"line":88,"column":13},"skip":true},"15":{"start":{"line":76,"column":16},"end":{"line":87,"column":19},"skip":true},"16":{"start":{"line":79,"column":20},"end":{"line":86,"column":21},"skip":true},"17":{"start":{"line":82,"column":24},"end":{"line":82,"column":43},"skip":true},"18":{"start":{"line":83,"column":24},"end":{"line":83,"column":30},"skip":true},"19":{"start":{"line":85,"column":24},"end":{"line":85,"column":49},"skip":true},"20":{"start":{"line":89,"column":12},"end":{"line":107,"column":13},"skip":true},"21":{"start":{"line":92,"column":16},"end":{"line":102,"column":17},"skip":true},"22":{"start":{"line":93,"column":20},"end":{"line":93,"column":86},"skip":true},"23":{"start":{"line":94,"column":20},"end":{"line":95,"column":45},"skip":true},"24":{"start":{"line":96,"column":20},"end":{"line":96,"column":42},"skip":true},"25":{"start":{"line":97,"column":20},"end":{"line":97,"column":48},"skip":true},"26":{"start":{"line":100,"column":20},"end":{"line":100,"column":85},"skip":true},"27":{"start":{"line":101,"column":20},"end":{"line":101,"column":96},"skip":true},"28":{"start":{"line":103,"column":16},"end":{"line":103,"column":22},"skip":true},"29":{"start":{"line":106,"column":16},"end":{"line":106,"column":22},"skip":true},"30":{"start":{"line":108,"column":12},"end":{"line":120,"column":13},"skip":true},"31":{"start":{"line":114,"column":16},"end":{"line":119,"column":17},"skip":true},"32":{"start":{"line":116,"column":20},"end":{"line":116,"column":78},"skip":true},"33":{"start":{"line":118,"column":20},"end":{"line":118,"column":47},"skip":true},"34":{"start":{"line":123,"column":8},"end":{"line":141,"column":11},"skip":true},"35":{"start":{"line":124,"column":12},"end":{"line":124,"column":54},"skip":true},"36":{"start":{"line":125,"column":12},"end":{"line":140,"column":14},"skip":true},"37":{"start":{"line":126,"column":16},"end":{"line":126,"column":28},"skip":true},"38":{"start":{"line":127,"column":16},"end":{"line":127,"column":69},"skip":true},"39":{"start":{"line":128,"column":16},"end":{"line":128,"column":75},"skip":true},"40":{"start":{"line":129,"column":16},"end":{"line":131,"column":17},"skip":true},"41":{"start":{"line":130,"column":20},"end":{"line":130,"column":27},"skip":true},"42":{"start":{"line":133,"column":16},"end":{"line":137,"column":36},"skip":true},"43":{"start":{"line":134,"column":20},"end":{"line":136,"column":55},"skip":true},"44":{"start":{"line":139,"column":16},"end":{"line":139,"column":57},"skip":true},"45":{"start":{"line":143,"column":8},"end":{"line":147,"column":11},"skip":true},"46":{"start":{"line":144,"column":12},"end":{"line":146,"column":15},"skip":true},"47":{"start":{"line":145,"column":16},"end":{"line":145,"column":70},"skip":true},"48":{"start":{"line":149,"column":8},"end":{"line":149,"column":31},"skip":true},"49":{"start":{"line":150,"column":8},"end":{"line":150,"column":14},"skip":true},"50":{"start":{"line":158,"column":8},"end":{"line":158,"column":31},"skip":true},"51":{"start":{"line":160,"column":8},"end":{"line":160,"column":33},"skip":true},"52":{"start":{"line":161,"column":8},"end":{"line":161,"column":37},"skip":true},"53":{"start":{"line":162,"column":8},"end":{"line":162,"column":35},"skip":true},"54":{"start":{"line":164,"column":8},"end":{"line":164,"column":50},"skip":true},"55":{"start":{"line":166,"column":8},"end":{"line":256,"column":2},"skip":true},"56":{"start":{"line":258,"column":8},"end":{"line":286,"column":9},"skip":true},"57":{"start":{"line":259,"column":12},"end":{"line":269,"column":14},"skip":true},"58":{"start":{"line":271,"column":12},"end":{"line":285,"column":19},"skip":true},"59":{"start":{"line":274,"column":20},"end":{"line":274,"column":35},"skip":true},"60":{"start":{"line":275,"column":20},"end":{"line":284,"column":21},"skip":true},"61":{"start":{"line":277,"column":24},"end":{"line":277,"column":64},"skip":true},"62":{"start":{"line":279,"column":24},"end":{"line":279,"column":40},"skip":true},"63":{"start":{"line":281,"column":24},"end":{"line":281,"column":40},"skip":true},"64":{"start":{"line":283,"column":24},"end":{"line":283,"column":39},"skip":true},"65":{"start":{"line":288,"column":8},"end":{"line":290,"column":9},"skip":true},"66":{"start":{"line":289,"column":12},"end":{"line":289,"column":18},"skip":true},"67":{"start":{"line":291,"column":8},"end":{"line":293,"column":54},"skip":true},"68":{"start":{"line":294,"column":8},"end":{"line":301,"column":37},"skip":true},"69":{"start":{"line":302,"column":8},"end":{"line":302,"column":82},"skip":true},"70":{"start":{"line":305,"column":8},"end":{"line":307,"column":9},"skip":true},"71":{"start":{"line":306,"column":12},"end":{"line":306,"column":82},"skip":true},"72":{"start":{"line":309,"column":8},"end":{"line":311,"column":9},"skip":true},"73":{"start":{"line":310,"column":12},"end":{"line":310,"column":18},"skip":true},"74":{"start":{"line":312,"column":8},"end":{"line":312,"column":54},"skip":true},"75":{"start":{"line":313,"column":8},"end":{"line":313,"column":69},"skip":true},"76":{"start":{"line":314,"column":8},"end":{"line":322,"column":36},"skip":true},"77":{"start":{"line":315,"column":12},"end":{"line":315,"column":61},"skip":true},"78":{"start":{"line":316,"column":12},"end":{"line":319,"column":13},"skip":true},"79":{"start":{"line":317,"column":16},"end":{"line":317,"column":75},"skip":true},"80":{"start":{"line":318,"column":16},"end":{"line":318,"column":23},"skip":true},"81":{"start":{"line":320,"column":12},"end":{"line":320,"column":38},"skip":true},"82":{"start":{"line":321,"column":12},"end":{"line":321,"column":27},"skip":true},"83":{"start":{"line":323,"column":8},"end":{"line":323,"column":14},"skip":true}},"branchMap":{"1":{"line":39,"type":"binary-expr","locations":[{"start":{"line":39,"column":23},"end":{"line":39,"column":62}},{"start":{"line":40,"column":20},"end":{"line":40,"column":70}},{"start":{"line":41,"column":20},"end":{"line":41,"column":71}},{"start":{"line":42,"column":20},"end":{"line":42,"column":29}}]},"2":{"line":44,"type":"binary-expr","locations":[{"start":{"line":44,"column":23},"end":{"line":44,"column":37}},{"start":{"line":45,"column":20},"end":{"line":45,"column":61}},{"start":{"line":46,"column":20},"end":{"line":46,"column":70}},{"start":{"line":47,"column":20},"end":{"line":47,"column":26}}]},"3":{"line":51,"type":"cond-expr","locations":[{"start":{"line":52,"column":14},"end":{"line":52,"column":20}},{"start":{"line":53,"column":14},"end":{"line":53,"column":20}}]},"4":{"line":55,"type":"binary-expr","locations":[{"start":{"line":55,"column":16},"end":{"line":55,"column":44}},{"start":{"line":55,"column":49},"end":{"line":57,"column":43}}]},"5":{"line":55,"type":"cond-expr","locations":[{"start":{"line":56,"column":14},"end":{"line":56,"column":57}},{"start":{"line":57,"column":14},"end":{"line":57,"column":43}}]},"6":{"line":61,"type":"switch","locations":[{"start":{"line":68,"column":4},"end":{"line":150,"column":14},"skip":true},{"start":{"line":156,"column":4},"end":{"line":323,"column":14},"skip":true}]},"7":{"line":70,"type":"if","locations":[{"start":{"line":70,"column":12},"end":{"line":70,"column":12},"skip":true},{"start":{"line":70,"column":12},"end":{"line":70,"column":12},"skip":true}]},"8":{"line":70,"type":"binary-expr","locations":[{"start":{"line":70,"column":16},"end":{"line":70,"column":22},"skip":true},{"start":{"line":70,"column":27},"end":{"line":70,"column":32},"skip":true},{"start":{"line":71,"column":20},"end":{"line":71,"column":39},"skip":true},{"start":{"line":72,"column":20},"end":{"line":72,"column":49},"skip":true},{"start":{"line":73,"column":20},"end":{"line":73,"column":58},"skip":true},{"start":{"line":74,"column":20},"end":{"line":74,"column":69},"skip":true}]},"9":{"line":79,"type":"switch","locations":[{"start":{"line":80,"column":20},"end":{"line":80,"column":33},"skip":true},{"start":{"line":81,"column":20},"end":{"line":83,"column":30},"skip":true},{"start":{"line":84,"column":20},"end":{"line":85,"column":49},"skip":true}]},"10":{"line":89,"type":"switch","locations":[{"start":{"line":90,"column":12},"end":{"line":103,"column":22},"skip":true},{"start":{"line":105,"column":12},"end":{"line":106,"column":22},"skip":true}]},"11":{"line":89,"type":"binary-expr","locations":[{"start":{"line":89,"column":20},"end":{"line":89,"column":25},"skip":true},{"start":{"line":89,"column":29},"end":{"line":89,"column":48},"skip":true},{"start":{"line":89,"column":52},"end":{"line":89,"column":74},"skip":true}]},"12":{"line":92,"type":"if","locations":[{"start":{"line":92,"column":16},"end":{"line":92,"column":16},"skip":true},{"start":{"line":92,"column":16},"end":{"line":92,"column":16},"skip":true}]},"13":{"line":108,"type":"if","locations":[{"start":{"line":108,"column":12},"end":{"line":108,"column":12},"skip":true},{"start":{"line":108,"column":12},"end":{"line":108,"column":12},"skip":true}]},"14":{"line":108,"type":"binary-expr","locations":[{"start":{"line":108,"column":16},"end":{"line":108,"column":61},"skip":true},{"start":{"line":108,"column":66},"end":{"line":108,"column":72},"skip":true},{"start":{"line":108,"column":77},"end":{"line":108,"column":82},"skip":true},{"start":{"line":109,"column":20},"end":{"line":109,"column":39},"skip":true},{"start":{"line":110,"column":20},"end":{"line":110,"column":49},"skip":true},{"start":{"line":111,"column":20},"end":{"line":111,"column":58},"skip":true},{"start":{"line":112,"column":20},"end":{"line":112,"column":68},"skip":true}]},"15":{"line":129,"type":"if","locations":[{"start":{"line":129,"column":16},"end":{"line":129,"column":16},"skip":true},{"start":{"line":129,"column":16},"end":{"line":129,"column":16},"skip":true}]},"16":{"line":134,"type":"cond-expr","locations":[{"start":{"line":135,"column":26},"end":{"line":135,"column":29},"skip":true},{"start":{"line":136,"column":26},"end":{"line":136,"column":54},"skip":true}]},"17":{"line":164,"type":"binary-expr","locations":[{"start":{"line":164,"column":27},"end":{"line":164,"column":43},"skip":true},{"start":{"line":164,"column":47},"end":{"line":164,"column":49},"skip":true}]},"18":{"line":258,"type":"if","locations":[{"start":{"line":258,"column":8},"end":{"line":258,"column":8},"skip":true},{"start":{"line":258,"column":8},"end":{"line":258,"column":8},"skip":true}]},"19":{"line":275,"type":"switch","locations":[{"start":{"line":276,"column":20},"end":{"line":277,"column":64},"skip":true},{"start":{"line":278,"column":20},"end":{"line":279,"column":40},"skip":true},{"start":{"line":280,"column":20},"end":{"line":281,"column":40},"skip":true},{"start":{"line":282,"column":20},"end":{"line":283,"column":39},"skip":true}]},"20":{"line":288,"type":"if","locations":[{"start":{"line":288,"column":8},"end":{"line":288,"column":8},"skip":true},{"start":{"line":288,"column":8},"end":{"line":288,"column":8},"skip":true}]},"21":{"line":288,"type":"binary-expr","locations":[{"start":{"line":288,"column":12},"end":{"line":288,"column":40},"skip":true},{"start":{"line":288,"column":44},"end":{"line":288,"column":67},"skip":true}]},"22":{"line":292,"type":"binary-expr","locations":[{"start":{"line":292,"column":12},"end":{"line":292,"column":50},"skip":true},{"start":{"line":293,"column":12},"end":{"line":293,"column":53},"skip":true}]},"23":{"line":295,"type":"binary-expr","locations":[{"start":{"line":295,"column":12},"end":{"line":295,"column":71},"skip":true},{"start":{"line":296,"column":12},"end":{"line":301,"column":36},"skip":true}]},"24":{"line":302,"type":"binary-expr","locations":[{"start":{"line":302,"column":43},"end":{"line":302,"column":75},"skip":true},{"start":{"line":302,"column":79},"end":{"line":302,"column":81},"skip":true}]},"25":{"line":305,"type":"if","locations":[{"start":{"line":305,"column":8},"end":{"line":305,"column":8},"skip":true},{"start":{"line":305,"column":8},"end":{"line":305,"column":8},"skip":true}]},"26":{"line":309,"type":"if","locations":[{"start":{"line":309,"column":8},"end":{"line":309,"column":8},"skip":true},{"start":{"line":309,"column":8},"end":{"line":309,"column":8},"skip":true}]},"27":{"line":312,"type":"binary-expr","locations":[{"start":{"line":312,"column":27},"end":{"line":312,"column":43},"skip":true},{"start":{"line":312,"column":47},"end":{"line":312,"column":53},"skip":true}]},"28":{"line":316,"type":"if","locations":[{"start":{"line":316,"column":12},"end":{"line":316,"column":12},"skip":true},{"start":{"line":316,"column":12},"end":{"line":316,"column":12},"skip":true}]}},"code":["/*","example.js","","quickstart example","","instruction","    1. save this script as example.js","    2. run the shell command:","        $ npm install npmtest-node-notifier && PORT=8081 node example.js","    3. play with the browser-demo on http://127.0.0.1:8081","*/","","","","/* istanbul instrument in package npmtest_node_notifier */","/*jslint","    bitwise: true,","    browser: true,","    maxerr: 8,","    maxlen: 96,","    node: true,","    nomen: true,","    regexp: true,","    stupid: true","*/","(function () {","    'use strict';","    var local;","","","","    // run shared js-env code - pre-init","    (function () {","        // init local","        local = {};","        // init modeJs","        local.modeJs = (function () {","            try {","                return typeof navigator.userAgent === 'string' &&","                    typeof document.querySelector('body') === 'object' &&","                    typeof XMLHttpRequest.prototype.open === 'function' &&","                    'browser';","            } catch (errorCaughtBrowser) {","                return module.exports &&","                    typeof process.versions.node === 'string' &&","                    typeof require('http').createServer === 'function' &&","                    'node';","            }","        }());","        // init global","        local.global = local.modeJs === 'browser'","            ? window","            : global;","        // init utility2_rollup","        local = local.global.utility2_rollup || (local.modeJs === 'browser'","            ? local.global.utility2_npmtest_node_notifier","            : global.utility2_moduleExports);","        // export local","        local.global.local = local;","    }());","    switch (local.modeJs) {","","","","    // post-init","    // run browser js-env code - post-init","    /* istanbul ignore next */","    case 'browser':","        local.testRunBrowser = function (event) {","            if (!event || (event &&","                    event.currentTarget &&","                    event.currentTarget.className &&","                    event.currentTarget.className.includes &&","                    event.currentTarget.className.includes('onreset'))) {","                // reset output","                Array.from(","                    document.querySelectorAll('body > .resettable')","                ).forEach(function (element) {","                    switch (element.tagName) {","                    case 'INPUT':","                    case 'TEXTAREA':","                        element.value = '';","                        break;","                    default:","                        element.textContent = '';","                    }","                });","            }","            switch (event && event.currentTarget && event.currentTarget.id) {","            case 'testRunButton1':","                // show tests","                if (document.querySelector('#testReportDiv1').style.display === 'none') {","                    document.querySelector('#testReportDiv1').style.display = 'block';","                    document.querySelector('#testRunButton1').textContent =","                        'hide internal test';","                    local.modeTest = true;","                    local.testRunDefault(local);","                // hide tests","                } else {","                    document.querySelector('#testReportDiv1').style.display = 'none';","                    document.querySelector('#testRunButton1').textContent = 'run internal test';","                }","                break;","            // custom-case","            default:","                break;","            }","            if (document.querySelector('#inputTextareaEval1') && (!event || (event &&","                    event.currentTarget &&","                    event.currentTarget.className &&","                    event.currentTarget.className.includes &&","                    event.currentTarget.className.includes('oneval')))) {","                // try to eval input-code","                try {","                    /*jslint evil: true*/","                    eval(document.querySelector('#inputTextareaEval1').value);","                } catch (errorCaught) {","                    console.error(errorCaught);","                }","            }","        };","        // log stderr and stdout to #outputTextareaStdout1","        ['error', 'log'].forEach(function (key) {","            console[key + '_original'] = console[key];","            console[key] = function () {","                var element;","                console[key + '_original'].apply(console, arguments);","                element = document.querySelector('#outputTextareaStdout1');","                if (!element) {","                    return;","                }","                // append text to #outputTextareaStdout1","                element.value += Array.from(arguments).map(function (arg) {","                    return typeof arg === 'string'","                        ? arg","                        : JSON.stringify(arg, null, 4);","                }).join(' ') + '\\n';","                // scroll textarea to bottom","                element.scrollTop = element.scrollHeight;","            };","        });","        // init event-handling","        ['change', 'click', 'keyup'].forEach(function (event) {","            Array.from(document.querySelectorAll('.on' + event)).forEach(function (element) {","                element.addEventListener(event, local.testRunBrowser);","            });","        });","        // run tests","        local.testRunBrowser();","        break;","","","","    // run node js-env code - post-init","    /* istanbul ignore next */","    case 'node':","        // export local","        module.exports = local;","        // require modules","        local.fs = require('fs');","        local.http = require('http');","        local.url = require('url');","        // init assets","        local.assetsDict = local.assetsDict || {};","        /* jslint-ignore-begin */","        local.assetsDict['/assets.index.template.html'] = '\\","<!doctype html>\\n\\","<html lang=\"en\">\\n\\","<head>\\n\\","<meta charset=\"UTF-8\">\\n\\","<meta name=\"viewport\" content=\"width=device-width, initial-scale=1\">\\n\\","<title>{{env.npm_package_name}} (v{{env.npm_package_version}})</title>\\n\\","<style>\\n\\","/*csslint\\n\\","    box-sizing: false,\\n\\","    universal-selector: false\\n\\","*/\\n\\","* {\\n\\","    box-sizing: border-box;\\n\\","}\\n\\","body {\\n\\","    background: #dde;\\n\\","    font-family: Arial, Helvetica, sans-serif;\\n\\","    margin: 2rem;\\n\\","}\\n\\","body > * {\\n\\","    margin-bottom: 1rem;\\n\\","}\\n\\",".utility2FooterDiv {\\n\\","    margin-top: 20px;\\n\\","    text-align: center;\\n\\","}\\n\\","</style>\\n\\","<style>\\n\\","/*csslint\\n\\","*/\\n\\","textarea {\\n\\","    font-family: monospace;\\n\\","    height: 10rem;\\n\\","    width: 100%;\\n\\","}\\n\\","textarea[readonly] {\\n\\","    background: #ddd;\\n\\","}\\n\\","</style>\\n\\","</head>\\n\\","<body>\\n\\","<!-- utility2-comment\\n\\","<div id=\"ajaxProgressDiv1\" style=\"background: #d00; height: 2px; left: 0; margin: 0; padding: 0; position: fixed; top: 0; transition: background 0.5s, width 1.5s; width: 25%;\"></div>\\n\\","utility2-comment -->\\n\\","<h1>\\n\\","<!-- utility2-comment\\n\\","    <a\\n\\","        {{#if env.npm_package_homepage}}\\n\\","        href=\"{{env.npm_package_homepage}}\"\\n\\","        {{/if env.npm_package_homepage}}\\n\\","        target=\"_blank\"\\n\\","    >\\n\\","utility2-comment -->\\n\\","        {{env.npm_package_name}} (v{{env.npm_package_version}})\\n\\","<!-- utility2-comment\\n\\","    </a>\\n\\","utility2-comment -->\\n\\","</h1>\\n\\","<h3>{{env.npm_package_description}}</h3>\\n\\","<!-- utility2-comment\\n\\","<h4><a download href=\"assets.app.js\">download standalone app</a></h4>\\n\\","<button class=\"onclick onreset\" id=\"testRunButton1\">run internal test</button><br>\\n\\","<div id=\"testReportDiv1\" style=\"display: none;\"></div>\\n\\","utility2-comment -->\\n\\","\\n\\","\\n\\","\\n\\","<label>stderr and stdout</label>\\n\\","<textarea class=\"resettable\" id=\"outputTextareaStdout1\" readonly></textarea>\\n\\","<!-- utility2-comment\\n\\","{{#if isRollup}}\\n\\","<script src=\"assets.app.js\"></script>\\n\\","{{#unless isRollup}}\\n\\","utility2-comment -->\\n\\","<script src=\"assets.utility2.rollup.js\"></script>\\n\\","<script src=\"jsonp.utility2._stateInit?callback=window.utility2._stateInit\"></script>\\n\\","<script src=\"assets.npmtest_node_notifier.rollup.js\"></script>\\n\\","<script src=\"assets.example.js\"></script>\\n\\","<script src=\"assets.test.js\"></script>\\n\\","<!-- utility2-comment\\n\\","{{/if isRollup}}\\n\\","utility2-comment -->\\n\\","<div class=\"utility2FooterDiv\">\\n\\","    [ this app was created with\\n\\","    <a href=\"https://github.com/kaizhu256/node-utility2\" target=\"_blank\">utility2</a>\\n\\","    ]\\n\\","</div>\\n\\","</body>\\n\\","</html>\\n\\","';","        /* jslint-ignore-end */","        if (local.templateRender) {","            local.assetsDict['/'] = local.templateRender(","                local.assetsDict['/assets.index.template.html'],","                {","                    env: local.objectSetDefault(local.env, {","                        npm_package_description: 'the greatest app in the world!',","                        npm_package_name: 'my-app',","                        npm_package_nameAlias: 'my_app',","                        npm_package_version: '0.0.1'","                    })","                }","            );","        } else {","            local.assetsDict['/'] = local.assetsDict['/assets.index.template.html']","                .replace((/\\{\\{env\\.(\\w+?)\\}\\}/g), function (match0, match1) {","                    // jslint-hack","                    String(match0);","                    switch (match1) {","                    case 'npm_package_description':","                        return 'the greatest app in the world!';","                    case 'npm_package_name':","                        return 'my-app';","                    case 'npm_package_nameAlias':","                        return 'my_app';","                    case 'npm_package_version':","                        return '0.0.1';","                    }","                });","        }","        // run the cli","        if (local.global.utility2_rollup || module !== require.main) {","            break;","        }","        local.assetsDict['/assets.example.js'] =","            local.assetsDict['/assets.example.js'] ||","            local.fs.readFileSync(__filename, 'utf8');","        local.assetsDict['/assets.npmtest_node_notifier.rollup.js'] =","            local.assetsDict['/assets.npmtest_node_notifier.rollup.js'] ||","            local.fs.readFileSync(","                // buildCustomOrg-hack","                local.npmtest_node_notifier.__dirname +","                    '/lib.npmtest_node_notifier.js',","                'utf8'","            ).replace((/^#!/), '//');","        local.assetsDict['/favicon.ico'] = local.assetsDict['/favicon.ico'] || '';","        // if $npm_config_timeout_exit exists,","        // then exit this process after $npm_config_timeout_exit ms","        if (Number(process.env.npm_config_timeout_exit)) {","            setTimeout(process.exit, Number(process.env.npm_config_timeout_exit));","        }","        // start server","        if (local.global.utility2_serverHttp1) {","            break;","        }","        process.env.PORT = process.env.PORT || '8081';","        console.error('server starting on port ' + process.env.PORT);","        local.http.createServer(function (request, response) {","            request.urlParsed = local.url.parse(request.url);","            if (local.assetsDict[request.urlParsed.pathname] !== undefined) {","                response.end(local.assetsDict[request.urlParsed.pathname]);","                return;","            }","            response.statusCode = 404;","            response.end();","        }).listen(process.env.PORT);","        break;","    }","}());",""],"l":{"26":2,"28":2,"33":2,"35":2,"37":2,"38":2,"39":2,"44":1,"51":2,"55":2,"59":2,"61":2,"69":1,"70":2,"76":2,"79":2,"82":2,"83":2,"85":1,"89":2,"92":1,"93":1,"94":1,"96":1,"97":1,"100":1,"101":1,"103":1,"106":1,"108":2,"114":1,"116":1,"118":1,"123":1,"124":2,"125":2,"126":2,"127":2,"128":2,"129":2,"130":1,"133":2,"134":2,"139":2,"143":1,"144":3,"145":1,"149":1,"150":1,"158":1,"160":1,"161":1,"162":1,"164":1,"166":1,"258":1,"259":1,"271":1,"274":6,"275":6,"277":1,"279":2,"281":1,"283":2,"288":1,"289":1,"291":1,"294":1,"302":1,"305":1,"306":1,"309":1,"310":1,"312":1,"313":1,"314":1,"315":1,"316":1,"317":1,"318":1,"320":1,"321":1,"323":1}},"/home/travis/build/npmtest/node-npmtest-node-notifier/node_modules/node-notifier/index.js":{"path":"/home/travis/build/npmtest/node-npmtest-node-notifier/node_modules/node-notifier/index.js","s":{"1":1,"2":1,"3":1,"4":1,"5":1,"6":1,"7":1,"8":1,"9":1,"10":1,"11":1,"12":1,"13":0,"14":0,"15":0,"16":0,"17":0,"18":0,"19":0,"20":0,"21":0,"22":0,"23":0,"24":0,"25":0,"26":0,"27":1,"28":1,"29":1,"30":1,"31":1},"b":{"1":[1,0,0,0],"2":[0,0],"3":[0,0]},"f":{},"fnMap":{},"statementMap":{"1":{"start":{"line":1,"column":0},"end":{"line":1,"column":23}},"2":{"start":{"line":2,"column":0},"end":{"line":2,"column":35}},"3":{"start":{"line":5,"column":0},"end":{"line":5,"column":51}},"4":{"start":{"line":6,"column":0},"end":{"line":6,"column":67}},"5":{"start":{"line":7,"column":0},"end":{"line":7,"column":52}},"6":{"start":{"line":8,"column":0},"end":{"line":8,"column":41}},"7":{"start":{"line":9,"column":0},"end":{"line":9,"column":52}},"8":{"start":{"line":11,"column":0},"end":{"line":11,"column":37}},"9":{"start":{"line":13,"column":0},"end":{"line":39,"column":1}},"10":{"start":{"line":15,"column":4},"end":{"line":15,"column":45}},"11":{"start":{"line":16,"column":4},"end":{"line":16,"column":45}},"12":{"start":{"line":17,"column":4},"end":{"line":17,"column":10}},"13":{"start":{"line":19,"column":4},"end":{"line":19,"column":53}},"14":{"start":{"line":20,"column":4},"end":{"line":20,"column":53}},"15":{"start":{"line":21,"column":4},"end":{"line":21,"column":10}},"16":{"start":{"line":23,"column":4},"end":{"line":29,"column":5}},"17":{"start":{"line":24,"column":6},"end":{"line":24,"column":51}},"18":{"start":{"line":25,"column":6},"end":{"line":25,"column":51}},"19":{"start":{"line":27,"column":6},"end":{"line":27,"column":51}},"20":{"start":{"line":28,"column":6},"end":{"line":28,"column":51}},"21":{"start":{"line":30,"column":4},"end":{"line":30,"column":10}},"22":{"start":{"line":32,"column":4},"end":{"line":38,"column":5}},"23":{"start":{"line":33,"column":6},"end":{"line":33,"column":47}},"24":{"start":{"line":34,"column":6},"end":{"line":34,"column":47}},"25":{"start":{"line":36,"column":6},"end":{"line":36,"column":42}},"26":{"start":{"line":37,"column":6},"end":{"line":37,"column":42}},"27":{"start":{"line":42,"column":0},"end":{"line":42,"column":39}},"28":{"start":{"line":43,"column":0},"end":{"line":43,"column":55}},"29":{"start":{"line":44,"column":0},"end":{"line":44,"column":47}},"30":{"start":{"line":45,"column":0},"end":{"line":45,"column":47}},"31":{"start":{"line":46,"column":0},"end":{"line":46,"column":29}}},"branchMap":{"1":{"line":13,"type":"switch","locations":[{"start":{"line":14,"column":2},"end":{"line":17,"column":10}},{"start":{"line":18,"column":2},"end":{"line":21,"column":10}},{"start":{"line":22,"column":2},"end":{"line":30,"column":10}},{"start":{"line":31,"column":2},"end":{"line":38,"column":5}}]},"2":{"line":23,"type":"if","locations":[{"start":{"line":23,"column":4},"end":{"line":23,"column":4}},{"start":{"line":23,"column":4},"end":{"line":23,"column":4}}]},"3":{"line":32,"type":"if","locations":[{"start":{"line":32,"column":4},"end":{"line":32,"column":4}},{"start":{"line":32,"column":4},"end":{"line":32,"column":4}}]}},"code":["var os = require('os');","var utils = require('./lib/utils');","","// All notifiers","var NotifySend = require('./notifiers/notifysend');","var NotificationCenter = require('./notifiers/notificationcenter');","var WindowsToaster = require('./notifiers/toaster');","var Growl = require('./notifiers/growl');","var WindowsBalloon = require('./notifiers/balloon');","","var options = { withFallback: true };","","switch (os.type()) {","  case 'Linux':","    module.exports = new NotifySend(options);","    module.exports.Notification = NotifySend;","    break;","  case 'Darwin':","    module.exports = new NotificationCenter(options);","    module.exports.Notification = NotificationCenter;","    break;","  case 'Windows_NT':","    if (utils.isLessThanWin8()) {","      module.exports = new WindowsBalloon(options);","      module.exports.Notification = WindowsBalloon;","    } else {","      module.exports = new WindowsToaster(options);","      module.exports.Notification = WindowsToaster;","    }","    break;","  default:","    if (os.type().match(/BSD$/)) {","      module.exports = new NotifySend(options);","      module.exports.Notification = NotifySend;","    } else {","      module.exports = new Growl(options);","      module.exports.Notification = Growl;","    }","}","","// Expose notifiers to give full control.","module.exports.NotifySend = NotifySend;","module.exports.NotificationCenter = NotificationCenter;","module.exports.WindowsToaster = WindowsToaster;","module.exports.WindowsBalloon = WindowsBalloon;","module.exports.Growl = Growl;",""],"l":{"1":1,"2":1,"5":1,"6":1,"7":1,"8":1,"9":1,"11":1,"13":1,"15":1,"16":1,"17":1,"19":0,"20":0,"21":0,"23":0,"24":0,"25":0,"27":0,"28":0,"30":0,"32":0,"33":0,"34":0,"36":0,"37":0,"42":1,"43":1,"44":1,"45":1,"46":1}},"/home/travis/build/npmtest/node-npmtest-node-notifier/node_modules/node-notifier/lib/utils.js":{"path":"/home/travis/build/npmtest/node-npmtest-node-notifier/node_modules/node-notifier/lib/utils.js","s":{"1":1,"2":1,"3":1,"4":1,"5":1,"6":1,"7":1,"8":1,"9":1,"10":1,"11":1,"12":0,"13":0,"14":0,"15":1,"16":0,"17":1,"18":1,"19":0,"20":0,"21":0,"22":0,"23":0,"24":0,"25":0,"26":0,"27":0,"28":1,"29":0,"30":0,"31":0,"32":0,"33":0,"34":0,"35":0,"36":0,"37":1,"38":0,"39":0,"40":0,"41":0,"42":0,"43":0,"44":0,"45":0,"46":0,"47":0,"48":0,"49":0,"50":0,"51":1,"52":0,"53":0,"54":0,"55":0,"56":0,"57":0,"58":0,"59":0,"60":1,"61":0,"62":0,"63":0,"64":0,"65":0,"66":0,"67":0,"68":0,"69":0,"70":1,"71":0,"72":0,"73":0,"74":0,"75":1,"76":0,"77":0,"78":0,"79":0,"80":1,"81":0,"82":0,"83":0,"84":0,"85":1,"86":0,"87":0,"88":0,"89":0,"90":0,"91":0,"92":0,"93":0,"94":0,"95":1,"96":0,"97":0,"98":0,"99":0,"100":0,"101":0,"102":0,"103":1,"104":0,"105":0,"106":0,"107":0,"108":0,"109":0,"110":0,"111":0,"112":0,"113":0,"114":0,"115":0,"116":0,"117":0,"118":0,"119":0,"120":0,"121":1,"122":0,"123":1,"124":1,"125":0,"126":0,"127":0,"128":0,"129":0,"130":0,"131":0,"132":0,"133":0,"134":0,"135":0,"136":0,"137":0,"138":0,"139":0,"140":0,"141":0,"142":0,"143":0,"144":0,"145":0,"146":1,"147":0,"148":0,"149":0,"150":0,"151":0,"152":0,"153":0,"154":0,"155":0,"156":0,"157":0,"158":0,"159":0,"160":0,"161":0,"162":0,"163":0,"164":0,"165":0,"166":0,"167":0,"168":0,"169":0,"170":0,"171":0,"172":0,"173":0,"174":0,"175":1,"176":0,"177":0,"178":1,"179":1,"180":1,"181":1,"182":0,"183":0,"184":0,"185":0,"186":0,"187":0,"188":0,"189":0,"190":0,"191":0,"192":0,"193":0,"194":0,"195":0,"196":0,"197":0,"198":0,"199":0,"200":0,"201":0,"202":0,"203":0,"204":0,"205":0,"206":0,"207":0,"208":0,"209":0,"210":0,"211":0,"212":0,"213":0,"214":0,"215":0,"216":0,"217":0,"218":0,"219":0,"220":0,"221":0,"222":0,"223":0,"224":0,"225":0,"226":1,"227":0,"228":0,"229":0,"230":0,"231":0,"232":0,"233":0,"234":0,"235":0,"236":0,"237":0,"238":0,"239":0,"240":0,"241":0,"242":0,"243":0,"244":0,"245":0,"246":0,"247":0,"248":0,"249":0,"250":0,"251":0,"252":0,"253":0,"254":0,"255":0,"256":0,"257":1,"258":0,"259":1,"260":0,"261":1,"262":0,"263":1,"264":0,"265":1,"266":0,"267":0,"268":0,"269":1,"270":0,"271":0,"272":0,"273":0,"274":0,"275":0,"276":0,"277":0},"b":{"1":[0,0],"2":[0,0],"3":[0,0],"4":[0,0],"5":[0,0],"6":[0,0],"7":[0,0],"8":[0,0],"9":[0,0],"10":[0,0],"11":[0,0],"12":[0,0],"13":[0,0],"14":[0,0],"15":[0,0],"16":[0,0],"17":[0,0],"18":[0,0],"19":[0,0],"20":[0,0],"21":[0,0],"22":[0,0],"23":[0,0],"24":[0,0],"25":[0,0],"26":[0,0],"27":[0,0],"28":[0,0],"29":[0,0],"30":[0,0],"31":[0,0],"32":[0,0],"33":[0,0],"34":[0,0],"35":[0,0],"36":[0,0],"37":[0,0],"38":[0,0],"39":[0,0],"40":[0,0],"41":[0,0],"42":[0,0],"43":[0,0],"44":[0,0],"45":[0,0],"46":[0,0],"47":[0,0],"48":[0,0],"49":[0,0,0],"50":[0,0],"51":[0,0],"52":[0,0],"53":[0,0],"54":[0,0],"55":[0,0],"56":[0,0],"57":[0,0],"58":[0,0],"59":[0,0],"60":[0,0],"61":[0,0],"62":[0,0],"63":[0,0],"64":[0,0],"65":[0,0],"66":[0,0],"67":[0,0],"68":[0,0],"69":[0,0],"70":[0,0],"71":[0,0],"72":[0,0],"73":[0,0],"74":[0,0],"75":[0,0],"76":[0,0],"77":[0,0],"78":[0,0],"79":[0,0],"80":[0,0],"81":[0,0],"82":[0,0],"83":[0,0],"84":[0,0],"85":[0,0],"86":[0,0],"87":[0,0],"88":[0,0],"89":[0,0],"90":[0,0],"91":[0,0],"92":[0,0]},"f":{"1":1,"2":0,"3":0,"4":0,"5":0,"6":0,"7":0,"8":0,"9":0,"10":0,"11":0,"12":0,"13":0,"14":0,"15":0,"16":0,"17":0,"18":0,"19":0,"20":0,"21":0,"22":0,"23":0,"24":0,"25":0,"26":0,"27":0,"28":0,"29":0,"30":0,"31":0,"32":0,"33":0,"34":0,"35":0,"36":0},"fnMap":{"1":{"name":"clone","line":9,"loc":{"start":{"line":9,"column":0},"end":{"line":9,"column":20}}},"2":{"name":"(anonymous_2)","line":15,"loc":{"start":{"line":15,"column":19},"end":{"line":15,"column":33}}},"3":{"name":"(anonymous_3)","line":23,"loc":{"start":{"line":23,"column":14},"end":{"line":23,"column":33}}},"4":{"name":"(anonymous_4)","line":43,"loc":{"start":{"line":43,"column":25},"end":{"line":43,"column":57}}},"5":{"name":"(anonymous_5)","line":53,"loc":{"start":{"line":53,"column":4},"end":{"line":53,"column":36}}},"6":{"name":"(anonymous_6)","line":60,"loc":{"start":{"line":60,"column":29},"end":{"line":60,"column":61}}},"7":{"name":"(anonymous_7)","line":67,"loc":{"start":{"line":67,"column":40},"end":{"line":67,"column":72}}},"8":{"name":"(anonymous_8)","line":73,"loc":{"start":{"line":73,"column":33},"end":{"line":73,"column":65}}},"9":{"name":"(anonymous_9)","line":79,"loc":{"start":{"line":79,"column":40},"end":{"line":79,"column":72}}},"10":{"name":"(anonymous_10)","line":92,"loc":{"start":{"line":92,"column":38},"end":{"line":92,"column":70}}},"11":{"name":"(anonymous_11)","line":98,"loc":{"start":{"line":98,"column":27},"end":{"line":98,"column":44}}},"12":{"name":"notifierExists","line":107,"loc":{"start":{"line":107,"column":0},"end":{"line":107,"column":38}}},"13":{"name":"(anonymous_13)","line":108,"loc":{"start":{"line":108,"column":27},"end":{"line":108,"column":47}}},"14":{"name":"(anonymous_14)","line":118,"loc":{"start":{"line":118,"column":38},"end":{"line":118,"column":58}}},"15":{"name":"(anonymous_15)","line":125,"loc":{"start":{"line":125,"column":17},"end":{"line":125,"column":35}}},"16":{"name":"(anonymous_16)","line":134,"loc":{"start":{"line":134,"column":14},"end":{"line":134,"column":32}}},"17":{"name":"(anonymous_17)","line":143,"loc":{"start":{"line":143,"column":23},"end":{"line":143,"column":41}}},"18":{"name":"(anonymous_18)","line":152,"loc":{"start":{"line":152,"column":33},"end":{"line":152,"column":51}}},"19":{"name":"(anonymous_19)","line":167,"loc":{"start":{"line":167,"column":28},"end":{"line":167,"column":46}}},"20":{"name":"(anonymous_20)","line":181,"loc":{"start":{"line":181,"column":26},"end":{"line":181,"column":44}}},"21":{"name":"isArray","line":213,"loc":{"start":{"line":213,"column":0},"end":{"line":213,"column":22}}},"22":{"name":"noop","line":217,"loc":{"start":{"line":217,"column":0},"end":{"line":217,"column":16}}},"23":{"name":"(anonymous_23)","line":218,"loc":{"start":{"line":218,"column":39},"end":{"line":218,"column":78}}},"24":{"name":"(anonymous_24)","line":229,"loc":{"start":{"line":229,"column":9},"end":{"line":229,"column":29}}},"25":{"name":"(anonymous_25)","line":255,"loc":{"start":{"line":255,"column":39},"end":{"line":255,"column":64}}},"26":{"name":"(anonymous_26)","line":269,"loc":{"start":{"line":269,"column":17},"end":{"line":269,"column":31}}},"27":{"name":"(anonymous_27)","line":283,"loc":{"start":{"line":283,"column":18},"end":{"line":283,"column":32}}},"28":{"name":"removeNewLines","line":300,"loc":{"start":{"line":300,"column":0},"end":{"line":300,"column":29}}},"29":{"name":"(anonymous_29)","line":331,"loc":{"start":{"line":331,"column":27},"end":{"line":331,"column":45}}},"30":{"name":"(anonymous_30)","line":420,"loc":{"start":{"line":420,"column":29},"end":{"line":420,"column":47}}},"31":{"name":"(anonymous_31)","line":473,"loc":{"start":{"line":473,"column":23},"end":{"line":473,"column":34}}},"32":{"name":"(anonymous_32)","line":477,"loc":{"start":{"line":477,"column":32},"end":{"line":477,"column":43}}},"33":{"name":"(anonymous_33)","line":482,"loc":{"start":{"line":482,"column":24},"end":{"line":482,"column":35}}},"34":{"name":"(anonymous_34)","line":487,"loc":{"start":{"line":487,"column":32},"end":{"line":487,"column":43}}},"35":{"name":"garanteeSemverFormat","line":492,"loc":{"start":{"line":492,"column":0},"end":{"line":492,"column":39}}},"36":{"name":"sanitizeNotifuTypeArgument","line":499,"loc":{"start":{"line":499,"column":0},"end":{"line":499,"column":42}}}},"statementMap":{"1":{"start":{"line":1,"column":0},"end":{"line":1,"column":39}},"2":{"start":{"line":2,"column":0},"end":{"line":2,"column":34}},"3":{"start":{"line":3,"column":0},"end":{"line":3,"column":31}},"4":{"start":{"line":4,"column":0},"end":{"line":4,"column":27}},"5":{"start":{"line":5,"column":0},"end":{"line":5,"column":25}},"6":{"start":{"line":6,"column":0},"end":{"line":6,"column":23}},"7":{"start":{"line":7,"column":0},"end":{"line":7,"column":23}},"8":{"start":{"line":9,"column":0},"end":{"line":11,"column":1}},"9":{"start":{"line":10,"column":2},"end":{"line":10,"column":41}},"10":{"start":{"line":13,"column":0},"end":{"line":13,"column":29}},"11":{"start":{"line":15,"column":0},"end":{"line":21,"column":2}},"12":{"start":{"line":16,"column":2},"end":{"line":20,"column":3}},"13":{"start":{"line":17,"column":4},"end":{"line":17,"column":45}},"14":{"start":{"line":19,"column":4},"end":{"line":19,"column":15}},"15":{"start":{"line":23,"column":0},"end":{"line":25,"column":2}},"16":{"start":{"line":24,"column":2},"end":{"line":24,"column":33}},"17":{"start":{"line":27,"column":0},"end":{"line":41,"column":2}},"18":{"start":{"line":43,"column":0},"end":{"line":58,"column":2}},"19":{"start":{"line":44,"column":2},"end":{"line":44,"column":41}},"20":{"start":{"line":45,"column":2},"end":{"line":49,"column":3}},"21":{"start":{"line":46,"column":4},"end":{"line":46,"column":56}},"22":{"start":{"line":47,"column":4},"end":{"line":47,"column":46}},"23":{"start":{"line":48,"column":4},"end":{"line":48,"column":58}},"24":{"start":{"line":51,"column":2},"end":{"line":57,"column":4}},"25":{"start":{"line":54,"column":6},"end":{"line":54,"column":34}},"26":{"start":{"line":54,"column":17},"end":{"line":54,"column":34}},"27":{"start":{"line":55,"column":6},"end":{"line":55,"column":25}},"28":{"start":{"line":60,"column":0},"end":{"line":71,"column":2}},"29":{"start":{"line":61,"column":2},"end":{"line":65,"column":3}},"30":{"start":{"line":62,"column":4},"end":{"line":62,"column":60}},"31":{"start":{"line":63,"column":4},"end":{"line":63,"column":46}},"32":{"start":{"line":64,"column":4},"end":{"line":64,"column":58}},"33":{"start":{"line":67,"column":2},"end":{"line":70,"column":5}},"34":{"start":{"line":68,"column":4},"end":{"line":68,"column":40}},"35":{"start":{"line":68,"column":15},"end":{"line":68,"column":40}},"36":{"start":{"line":69,"column":4},"end":{"line":69,"column":23}},"37":{"start":{"line":73,"column":0},"end":{"line":90,"column":2}},"38":{"start":{"line":74,"column":2},"end":{"line":78,"column":3}},"39":{"start":{"line":75,"column":4},"end":{"line":75,"column":64}},"40":{"start":{"line":76,"column":4},"end":{"line":76,"column":46}},"41":{"start":{"line":77,"column":4},"end":{"line":77,"column":58}},"42":{"start":{"line":79,"column":2},"end":{"line":89,"column":5}},"43":{"start":{"line":80,"column":4},"end":{"line":80,"column":40}},"44":{"start":{"line":80,"column":15},"end":{"line":80,"column":40}},"45":{"start":{"line":81,"column":4},"end":{"line":81,"column":38}},"46":{"start":{"line":81,"column":17},"end":{"line":81,"column":38}},"47":{"start":{"line":83,"column":4},"end":{"line":88,"column":5}},"48":{"start":{"line":84,"column":6},"end":{"line":84,"column":36}},"49":{"start":{"line":85,"column":6},"end":{"line":85,"column":23}},"50":{"start":{"line":87,"column":6},"end":{"line":87,"column":20}},"51":{"start":{"line":92,"column":0},"end":{"line":105,"column":2}},"52":{"start":{"line":93,"column":2},"end":{"line":96,"column":3}},"53":{"start":{"line":94,"column":4},"end":{"line":94,"column":57}},"54":{"start":{"line":95,"column":4},"end":{"line":95,"column":46}},"55":{"start":{"line":98,"column":2},"end":{"line":104,"column":5}},"56":{"start":{"line":99,"column":4},"end":{"line":101,"column":5}},"57":{"start":{"line":100,"column":6},"end":{"line":100,"column":79}},"58":{"start":{"line":102,"column":4},"end":{"line":102,"column":35}},"59":{"start":{"line":103,"column":4},"end":{"line":103,"column":9}},"60":{"start":{"line":107,"column":0},"end":{"line":123,"column":1}},"61":{"start":{"line":108,"column":2},"end":{"line":122,"column":5}},"62":{"start":{"line":109,"column":4},"end":{"line":109,"column":39}},"63":{"start":{"line":109,"column":14},"end":{"line":109,"column":39}},"64":{"start":{"line":112,"column":4},"end":{"line":115,"column":5}},"65":{"start":{"line":114,"column":6},"end":{"line":114,"column":23}},"66":{"start":{"line":118,"column":4},"end":{"line":121,"column":7}},"67":{"start":{"line":119,"column":6},"end":{"line":119,"column":32}},"68":{"start":{"line":119,"column":15},"end":{"line":119,"column":32}},"69":{"start":{"line":120,"column":6},"end":{"line":120,"column":24}},"70":{"start":{"line":125,"column":0},"end":{"line":132,"column":2}},"71":{"start":{"line":126,"column":2},"end":{"line":129,"column":3}},"72":{"start":{"line":127,"column":4},"end":{"line":127,"column":35}},"73":{"start":{"line":128,"column":4},"end":{"line":128,"column":27}},"74":{"start":{"line":131,"column":2},"end":{"line":131,"column":17}},"75":{"start":{"line":134,"column":0},"end":{"line":141,"column":2}},"76":{"start":{"line":135,"column":2},"end":{"line":138,"column":3}},"77":{"start":{"line":136,"column":4},"end":{"line":136,"column":35}},"78":{"start":{"line":137,"column":4},"end":{"line":137,"column":24}},"79":{"start":{"line":140,"column":2},"end":{"line":140,"column":17}},"80":{"start":{"line":143,"column":0},"end":{"line":150,"column":2}},"81":{"start":{"line":144,"column":2},"end":{"line":147,"column":3}},"82":{"start":{"line":145,"column":4},"end":{"line":145,"column":29}},"83":{"start":{"line":146,"column":4},"end":{"line":146,"column":21}},"84":{"start":{"line":149,"column":2},"end":{"line":149,"column":17}},"85":{"start":{"line":152,"column":0},"end":{"line":165,"column":2}},"86":{"start":{"line":153,"column":2},"end":{"line":153,"column":32}},"87":{"start":{"line":154,"column":2},"end":{"line":154,"column":29}},"88":{"start":{"line":156,"column":2},"end":{"line":162,"column":3}},"89":{"start":{"line":157,"column":4},"end":{"line":157,"column":55}},"90":{"start":{"line":157,"column":46},"end":{"line":157,"column":55}},"91":{"start":{"line":158,"column":4},"end":{"line":161,"column":5}},"92":{"start":{"line":159,"column":6},"end":{"line":159,"column":51}},"93":{"start":{"line":160,"column":6},"end":{"line":160,"column":26}},"94":{"start":{"line":164,"column":2},"end":{"line":164,"column":17}},"95":{"start":{"line":167,"column":0},"end":{"line":179,"column":2}},"96":{"start":{"line":168,"column":2},"end":{"line":168,"column":32}},"97":{"start":{"line":169,"column":2},"end":{"line":169,"column":38}},"98":{"start":{"line":170,"column":2},"end":{"line":170,"column":29}},"99":{"start":{"line":172,"column":2},"end":{"line":176,"column":3}},"100":{"start":{"line":173,"column":4},"end":{"line":175,"column":19}},"101":{"start":{"line":174,"column":6},"end":{"line":174,"column":51}},"102":{"start":{"line":178,"column":2},"end":{"line":178,"column":17}},"103":{"start":{"line":181,"column":0},"end":{"line":211,"column":2}},"104":{"start":{"line":182,"column":2},"end":{"line":182,"column":38}},"105":{"start":{"line":183,"column":2},"end":{"line":183,"column":29}},"106":{"start":{"line":185,"column":2},"end":{"line":188,"column":3}},"107":{"start":{"line":186,"column":4},"end":{"line":186,"column":35}},"108":{"start":{"line":187,"column":4},"end":{"line":187,"column":24}},"109":{"start":{"line":190,"column":2},"end":{"line":192,"column":3}},"110":{"start":{"line":191,"column":4},"end":{"line":191,"column":29}},"111":{"start":{"line":194,"column":2},"end":{"line":196,"column":3}},"112":{"start":{"line":195,"column":4},"end":{"line":195,"column":25}},"113":{"start":{"line":198,"column":2},"end":{"line":200,"column":3}},"114":{"start":{"line":199,"column":4},"end":{"line":199,"column":29}},"115":{"start":{"line":202,"column":2},"end":{"line":207,"column":3}},"116":{"start":{"line":203,"column":4},"end":{"line":205,"column":5}},"117":{"start":{"line":204,"column":6},"end":{"line":204,"column":26}},"118":{"start":{"line":206,"column":4},"end":{"line":206,"column":24}},"119":{"start":{"line":209,"column":2},"end":{"line":209,"column":22}},"120":{"start":{"line":210,"column":2},"end":{"line":210,"column":17}},"121":{"start":{"line":213,"column":0},"end":{"line":215,"column":1}},"122":{"start":{"line":214,"column":2},"end":{"line":214,"column":66}},"123":{"start":{"line":217,"column":0},"end":{"line":217,"column":18}},"124":{"start":{"line":218,"column":0},"end":{"line":253,"column":2}},"125":{"start":{"line":219,"column":2},"end":{"line":219,"column":27}},"126":{"start":{"line":220,"column":2},"end":{"line":220,"column":18}},"127":{"start":{"line":222,"column":2},"end":{"line":227,"column":3}},"128":{"start":{"line":223,"column":4},"end":{"line":226,"column":6}},"129":{"start":{"line":229,"column":2},"end":{"line":252,"column":4}},"130":{"start":{"line":230,"column":4},"end":{"line":230,"column":29}},"131":{"start":{"line":231,"column":4},"end":{"line":231,"column":22}},"132":{"start":{"line":233,"column":4},"end":{"line":236,"column":5}},"133":{"start":{"line":234,"column":6},"end":{"line":234,"column":31}},"134":{"start":{"line":235,"column":6},"end":{"line":235,"column":51}},"135":{"start":{"line":239,"column":4},"end":{"line":244,"column":5}},"136":{"start":{"line":240,"column":6},"end":{"line":240,"column":57}},"137":{"start":{"line":241,"column":6},"end":{"line":243,"column":7}},"138":{"start":{"line":242,"column":8},"end":{"line":242,"column":35}},"139":{"start":{"line":246,"column":4},"end":{"line":246,"column":54}},"140":{"start":{"line":247,"column":4},"end":{"line":247,"column":42}},"141":{"start":{"line":247,"column":35},"end":{"line":247,"column":42}},"142":{"start":{"line":249,"column":4},"end":{"line":249,"column":36}},"143":{"start":{"line":250,"column":4},"end":{"line":250,"column":21}},"144":{"start":{"line":250,"column":14},"end":{"line":250,"column":21}},"145":{"start":{"line":251,"column":4},"end":{"line":251,"column":50}},"146":{"start":{"line":255,"column":0},"end":{"line":298,"column":2}},"147":{"start":{"line":256,"column":2},"end":{"line":256,"column":16}},"148":{"start":{"line":257,"column":2},"end":{"line":257,"column":22}},"149":{"start":{"line":260,"column":2},"end":{"line":260,"column":36}},"150":{"start":{"line":261,"column":2},"end":{"line":261,"column":38}},"151":{"start":{"line":262,"column":2},"end":{"line":262,"column":54}},"152":{"start":{"line":263,"column":2},"end":{"line":263,"column":43}},"153":{"start":{"line":264,"column":2},"end":{"line":264,"column":58}},"154":{"start":{"line":265,"column":2},"end":{"line":265,"column":42}},"155":{"start":{"line":266,"column":2},"end":{"line":266,"column":42}},"156":{"start":{"line":267,"column":2},"end":{"line":267,"column":63}},"157":{"start":{"line":269,"column":2},"end":{"line":281,"column":4}},"158":{"start":{"line":270,"column":4},"end":{"line":272,"column":5}},"159":{"start":{"line":271,"column":6},"end":{"line":271,"column":43}},"160":{"start":{"line":274,"column":4},"end":{"line":276,"column":5}},"161":{"start":{"line":275,"column":6},"end":{"line":275,"column":30}},"162":{"start":{"line":277,"column":4},"end":{"line":279,"column":5}},"163":{"start":{"line":278,"column":6},"end":{"line":278,"column":32}},"164":{"start":{"line":280,"column":4},"end":{"line":280,"column":35}},"165":{"start":{"line":283,"column":2},"end":{"line":285,"column":5}},"166":{"start":{"line":284,"column":4},"end":{"line":284,"column":29}},"167":{"start":{"line":286,"column":2},"end":{"line":296,"column":3}},"168":{"start":{"line":287,"column":4},"end":{"line":295,"column":5}},"169":{"start":{"line":291,"column":6},"end":{"line":294,"column":67}},"170":{"start":{"line":292,"column":8},"end":{"line":292,"column":40}},"171":{"start":{"line":293,"column":13},"end":{"line":294,"column":67}},"172":{"start":{"line":293,"column":57},"end":{"line":293,"column":66}},"173":{"start":{"line":294,"column":11},"end":{"line":294,"column":67}},"174":{"start":{"line":297,"column":2},"end":{"line":297,"column":14}},"175":{"start":{"line":300,"column":0},"end":{"line":303,"column":1}},"176":{"start":{"line":301,"column":2},"end":{"line":301,"column":71}},"177":{"start":{"line":302,"column":2},"end":{"line":302,"column":47}},"178":{"start":{"line":317,"column":0},"end":{"line":328,"column":2}},"179":{"start":{"line":329,"column":0},"end":{"line":329,"column":41}},"180":{"start":{"line":330,"column":0},"end":{"line":330,"column":49}},"181":{"start":{"line":331,"column":0},"end":{"line":418,"column":2}},"182":{"start":{"line":332,"column":2},"end":{"line":332,"column":32}},"183":{"start":{"line":333,"column":2},"end":{"line":333,"column":29}},"184":{"start":{"line":335,"column":2},"end":{"line":346,"column":3}},"185":{"start":{"line":336,"column":4},"end":{"line":344,"column":5}},"186":{"start":{"line":338,"column":6},"end":{"line":341,"column":30}},"187":{"start":{"line":343,"column":6},"end":{"line":343,"column":31}},"188":{"start":{"line":345,"column":4},"end":{"line":345,"column":24}},"189":{"start":{"line":348,"column":2},"end":{"line":352,"column":3}},"190":{"start":{"line":350,"column":4},"end":{"line":350,"column":53}},"191":{"start":{"line":351,"column":4},"end":{"line":351,"column":27}},"192":{"start":{"line":354,"column":2},"end":{"line":357,"column":3}},"193":{"start":{"line":355,"column":4},"end":{"line":355,"column":30}},"194":{"start":{"line":356,"column":4},"end":{"line":356,"column":25}},"195":{"start":{"line":359,"column":2},"end":{"line":364,"column":3}},"196":{"start":{"line":360,"column":4},"end":{"line":360,"column":36}},"197":{"start":{"line":361,"column":4},"end":{"line":361,"column":27}},"198":{"start":{"line":363,"column":4},"end":{"line":363,"column":24}},"199":{"start":{"line":366,"column":2},"end":{"line":368,"column":3}},"200":{"start":{"line":367,"column":4},"end":{"line":367,"column":24}},"201":{"start":{"line":370,"column":2},"end":{"line":373,"column":3}},"202":{"start":{"line":371,"column":4},"end":{"line":371,"column":35}},"203":{"start":{"line":372,"column":4},"end":{"line":372,"column":26}},"204":{"start":{"line":375,"column":2},"end":{"line":378,"column":3}},"205":{"start":{"line":376,"column":4},"end":{"line":376,"column":53}},"206":{"start":{"line":377,"column":4},"end":{"line":377,"column":25}},"207":{"start":{"line":380,"column":2},"end":{"line":383,"column":3}},"208":{"start":{"line":381,"column":4},"end":{"line":381,"column":30}},"209":{"start":{"line":382,"column":4},"end":{"line":382,"column":25}},"210":{"start":{"line":385,"column":2},"end":{"line":388,"column":3}},"211":{"start":{"line":386,"column":4},"end":{"line":386,"column":26}},"212":{"start":{"line":387,"column":4},"end":{"line":387,"column":21}},"213":{"start":{"line":391,"column":2},"end":{"line":393,"column":3}},"214":{"start":{"line":392,"column":4},"end":{"line":392,"column":21}},"215":{"start":{"line":395,"column":2},"end":{"line":397,"column":3}},"216":{"start":{"line":396,"column":4},"end":{"line":396,"column":36}},"217":{"start":{"line":399,"column":2},"end":{"line":401,"column":3}},"218":{"start":{"line":400,"column":4},"end":{"line":400,"column":36}},"219":{"start":{"line":403,"column":2},"end":{"line":406,"column":3}},"220":{"start":{"line":404,"column":4},"end":{"line":404,"column":29}},"221":{"start":{"line":405,"column":4},"end":{"line":405,"column":24}},"222":{"start":{"line":408,"column":2},"end":{"line":415,"column":3}},"223":{"start":{"line":410,"column":4},"end":{"line":414,"column":5}},"224":{"start":{"line":413,"column":6},"end":{"line":413,"column":26}},"225":{"start":{"line":417,"column":2},"end":{"line":417,"column":17}},"226":{"start":{"line":420,"column":0},"end":{"line":471,"column":2}},"227":{"start":{"line":421,"column":2},"end":{"line":421,"column":32}},"228":{"start":{"line":422,"column":2},"end":{"line":422,"column":29}},"229":{"start":{"line":424,"column":2},"end":{"line":427,"column":3}},"230":{"start":{"line":425,"column":4},"end":{"line":425,"column":29}},"231":{"start":{"line":426,"column":4},"end":{"line":426,"column":24}},"232":{"start":{"line":429,"column":2},"end":{"line":432,"column":3}},"233":{"start":{"line":430,"column":4},"end":{"line":430,"column":32}},"234":{"start":{"line":431,"column":4},"end":{"line":431,"column":27}},"235":{"start":{"line":434,"column":2},"end":{"line":437,"column":3}},"236":{"start":{"line":435,"column":4},"end":{"line":435,"column":30}},"237":{"start":{"line":436,"column":4},"end":{"line":436,"column":25}},"238":{"start":{"line":439,"column":2},"end":{"line":442,"column":3}},"239":{"start":{"line":440,"column":4},"end":{"line":440,"column":29}},"240":{"start":{"line":441,"column":4},"end":{"line":441,"column":24}},"241":{"start":{"line":444,"column":2},"end":{"line":448,"column":3}},"242":{"start":{"line":445,"column":4},"end":{"line":445,"column":21}},"243":{"start":{"line":447,"column":4},"end":{"line":447,"column":21}},"244":{"start":{"line":450,"column":2},"end":{"line":453,"column":3}},"245":{"start":{"line":451,"column":4},"end":{"line":451,"column":21}},"246":{"start":{"line":452,"column":4},"end":{"line":452,"column":25}},"247":{"start":{"line":455,"column":2},"end":{"line":458,"column":3}},"248":{"start":{"line":456,"column":4},"end":{"line":456,"column":21}},"249":{"start":{"line":457,"column":4},"end":{"line":457,"column":25}},"250":{"start":{"line":460,"column":2},"end":{"line":463,"column":3}},"251":{"start":{"line":461,"column":4},"end":{"line":461,"column":26}},"252":{"start":{"line":462,"column":4},"end":{"line":462,"column":21}},"253":{"start":{"line":465,"column":2},"end":{"line":468,"column":3}},"254":{"start":{"line":466,"column":4},"end":{"line":466,"column":57}},"255":{"start":{"line":467,"column":4},"end":{"line":467,"column":24}},"256":{"start":{"line":470,"column":2},"end":{"line":470,"column":17}},"257":{"start":{"line":473,"column":0},"end":{"line":475,"column":2}},"258":{"start":{"line":474,"column":2},"end":{"line":474,"column":32}},"259":{"start":{"line":477,"column":0},"end":{"line":480,"column":2}},"260":{"start":{"line":478,"column"
[...]
":96,"column":31},"end":{"line":96,"column":39}}]}},"code":["/**"," * Wrapper for the toaster (https://github.com/nels-o/toaster)"," */","var path = require('path');","var notifier = path.resolve(__dirname, '../vendor/snoreToast/SnoreToast.exe');","var utils = require('../lib/utils');","var Balloon = require('./balloon');","","var EventEmitter = require('events').EventEmitter;","var util = require('util');","","var fallback = void 0;","","module.exports = WindowsToaster;","","function WindowsToaster(options) {","  options = utils.clone(options || {});","  if (!(this instanceof WindowsToaster)) {","    return new WindowsToaster(options);","  }","","  this.options = options;","","  EventEmitter.call(this);","}","util.inherits(WindowsToaster, EventEmitter);","","function noop() {","}","","var timeoutMessage = 'the toast has timed out';","var successMessage = 'user clicked on the toast';","","function hasText(str, txt) {","  return str && str.indexOf(txt) !== -1;","}","","WindowsToaster.prototype.notify = function(options, callback) {","  options = utils.clone(options || {});","  callback = callback || noop;","","  if (typeof options === 'string') {","    options = { title: 'node-notifier', message: options };","  }","","  if (typeof callback !== 'function') {","    throw new TypeError(","      'The second argument must be a function callback. You have passed ' +","        typeof fn","    );","  }","","  var actionJackedCallback = utils.actionJackerDecorator(","    this,","    options,","    function cb(err, data) {","      // Needs to filter out timeout. Not an actual error.","      if (err && hasText(data, timeoutMessage)) {","        return callback(null, data);","      }","      callback(err, data);","    },","    function mapper(data) {","      if (hasText(data, successMessage)) {","        return 'click';","      }","      if (hasText(data, timeoutMessage)) {","        return 'timeout';","      }","      return false;","    }","  );","","  options.title = options.title || 'Node Notification:';","  if (","    typeof options.message === 'undefined' &&","      typeof options.close === 'undefined'","  ) {","    callback(new Error('Message or ID to close is required.'));","    return this;","  }","","  if (!utils.isWin8() && !!this.options.withFallback) {","    fallback = fallback || new Balloon(this.options);","    return fallback.notify(options, callback);","  }","","  options = utils.mapToWin8(options);","  var argsList = utils.constructArgumentList(options, {","    explicitTrue: true,","    wrapper: '',","    keepNewlines: true,","    noEscape: true","  });","  utils.fileCommand(","    this.options.customPath || notifier,","    argsList,","    actionJackedCallback","  );","  return this;","};",""],"l":{"4":1,"5":1,"6":1,"7":1,"9":1,"10":1,"12":1,"14":1,"16":1,"17":0,"18":0,"19":0,"22":0,"24":0,"26":1,"28":1,"31":1,"32":1,"34":1,"35":0,"38":1,"39":0,"40":0,"42":0,"43":0,"46":0,"47":0,"53":0,"58":0,"59":0,"61":0,"64":0,"65":0,"67":0,"68":0,"70":0,"74":0,"75":0,"79":0,"80":0,"83":0,"84":0,"85":0,"88":0,"89":0,"95":0,"100":0}},"/home/travis/build/npmtest/node-npmtest-node-notifier/node_modules/node-notifier/notifiers/balloon.js":{"path":"/home/travis/build/npmtest/node-npmtest-node-notifier/node_modules/node-notifier/notifiers/balloon.js","s":{"1":1,"2":1,"3":1,"4":1,"5":1,"6":1,"7":1,"8":1,"9":1,"10":1,"11":1,"12":1,"13":0,"14":0,"15":0,"16":0,"17":0,"18":1,"19":1,"20":1,"21":0,"22":0,"23":0,"24":0,"25":0,"26":0,"27":0,"28":0,"29":0,"30":0,"31":0,"32":0,"33":0,"34":0,"35":0,"36":0,"37":0,"38":0,"39":0,"40":0,"41":0,"42":0,"43":0,"44":0,"45":0,"46":0,"47":0,"48":0,"49":1,"50":1,"51":0,"52":0,"53":0,"54":0,"55":0,"56":0,"57":0,"58":0,"59":0,"60":0,"61":0,"62":0,"63":0,"64":0,"65":0,"66":0,"67":0,"68":1,"69":0,"70":0,"71":0,"72":0,"73":0},"b":{"1":[0,0],"2":[0,0],"3":[0,0],"4":[0,0],"5":[0,0],"6":[0,0],"7":[0,0],"8":[0,0],"9":[0,0],"10":[0,0],"11":[0,0],"12":[0,0,0],"13":[0,0],"14":[0,0],"15":[0,0],"16":[0,0],"17":[0,0],"18":[0,0],"19":[0,0],"20":[0,0],"21":[0,0],"22":[0,0],"23":[0,0],"24":[0,0],"25":[0,0,0,0,0,0]},"f":{"1":0,"2":0,"3":0,"4":0,"5":0,"6":0,"7":0,"8":0},"fnMap":{"1":{"name":"WindowsBalloon","line":39,"loc":{"start":{"line":39,"column":0},"end":{"line":39,"column":33}}},"2":{"name":"noop","line":51,"loc":{"start":{"line":51,"column":0},"end":{"line":51,"column":16}}},"3":{"name":"(anonymous_3)","line":53,"loc":{"start":{"line":53,"column":34},"end":{"line":53,"column":62}}},"4":{"name":"(anonymous_4)","line":67,"loc":{"start":{"line":67,"column":4},"end":{"line":67,"column":19}}},"5":{"name":"(anonymous_5)","line":96,"loc":{"start":{"line":96,"column":30},"end":{"line":96,"column":55}}},"6":{"name":"doNotification","line":112,"loc":{"start":{"line":112,"column":0},"end":{"line":112,"column":60}}},"7":{"name":"(anonymous_7)","line":134,"loc":{"start":{"line":134,"column":54},"end":{"line":134,"column":76}}},"8":{"name":"fromErrorCodeToAction","line":144,"loc":{"start":{"line":144,"column":0},"end":{"line":144,"column":42}}}},"statementMap":{"1":{"start":{"line":24,"column":0},"end":{"line":24,"column":27}},"2":{"start":{"line":25,"column":0},"end":{"line":25,"column":66}},"3":{"start":{"line":26,"column":0},"end":{"line":26,"column":46}},"4":{"start":{"line":27,"column":0},"end":{"line":27,"column":36}},"5":{"start":{"line":28,"column":0},"end":{"line":28,"column":35}},"6":{"start":{"line":29,"column":0},"end":{"line":29,"column":31}},"7":{"start":{"line":30,"column":0},"end":{"line":30,"column":23}},"8":{"start":{"line":32,"column":0},"end":{"line":32,"column":50}},"9":{"start":{"line":33,"column":0},"end":{"line":33,"column":27}},"10":{"start":{"line":35,"column":0},"end":{"line":35,"column":22}},"11":{"start":{"line":37,"column":0},"end":{"line":37,"column":32}},"12":{"start":{"line":39,"column":0},"end":{"line":48,"column":1}},"13":{"start":{"line":40,"column":2},"end":{"line":40,"column":39}},"14":{"start":{"line":41,"column":2},"end":{"line":43,"column":3}},"15":{"start":{"line":42,"column":4},"end":{"line":42,"column":39}},"16":{"start":{"line":45,"column":2},"end":{"line":45,"column":25}},"17":{"start":{"line":47,"column":2},"end":{"line":47,"column":26}},"18":{"start":{"line":49,"column":0},"end":{"line":49,"column":44}},"19":{"start":{"line":51,"column":0},"end":{"line":52,"column":1}},"20":{"start":{"line":53,"column":0},"end":{"line":108,"column":2}},"21":{"start":{"line":54,"column":2},"end":{"line":54,"column":15}},"22":{"start":{"line":55,"column":2},"end":{"line":55,"column":37}},"23":{"start":{"line":56,"column":2},"end":{"line":56,"column":39}},"24":{"start":{"line":57,"column":2},"end":{"line":57,"column":30}},"25":{"start":{"line":59,"column":2},"end":{"line":61,"column":3}},"26":{"start":{"line":60,"column":4},"end":{"line":60,"column":59}},"27":{"start":{"line":63,"column":2},"end":{"line":76,"column":4}},"28":{"start":{"line":68,"column":6},"end":{"line":70,"column":7}},"29":{"start":{"line":69,"column":8},"end":{"line":69,"column":23}},"30":{"start":{"line":71,"column":6},"end":{"line":73,"column":7}},"31":{"start":{"line":72,"column":8},"end":{"line":72,"column":25}},"32":{"start":{"line":74,"column":6},"end":{"line":74,"column":19}},"33":{"start":{"line":78,"column":2},"end":{"line":81,"column":3}},"34":{"start":{"line":79,"column":4},"end":{"line":79,"column":56}},"35":{"start":{"line":80,"column":4},"end":{"line":80,"column":46}},"36":{"start":{"line":83,"column":2},"end":{"line":89,"column":3}},"37":{"start":{"line":87,"column":4},"end":{"line":87,"column":54}},"38":{"start":{"line":88,"column":4},"end":{"line":88,"column":46}},"39":{"start":{"line":91,"column":2},"end":{"line":94,"column":3}},"40":{"start":{"line":92,"column":4},"end":{"line":92,"column":67}},"41":{"start":{"line":93,"column":4},"end":{"line":93,"column":16}},"42":{"start":{"line":96,"column":2},"end":{"line":105,"column":5}},"43":{"start":{"line":97,"column":4},"end":{"line":97,"column":30}},"44":{"start":{"line":99,"column":4},"end":{"line":102,"column":5}},"45":{"start":{"line":100,"column":6},"end":{"line":100,"column":56}},"46":{"start":{"line":101,"column":6},"end":{"line":101,"column":48}},"47":{"start":{"line":104,"column":4},"end":{"line":104,"column":67}},"48":{"start":{"line":107,"column":2},"end":{"line":107,"column":14}},"49":{"start":{"line":110,"column":0},"end":{"line":110,"column":72}},"50":{"start":{"line":112,"column":0},"end":{"line":142,"column":1}},"51":{"start":{"line":113,"column":2},"end":{"line":113,"column":36}},"52":{"start":{"line":114,"column":2},"end":{"line":114,"column":26}},"53":{"start":{"line":115,"column":2},"end":{"line":115,"column":39}},"54":{"start":{"line":116,"column":2},"end":{"line":116,"column":48}},"55":{"start":{"line":118,"column":2},"end":{"line":118,"column":67}},"56":{"start":{"line":119,"column":2},"end":{"line":119,"column":69}},"57":{"start":{"line":121,"column":2},"end":{"line":124,"column":3}},"58":{"start":{"line":122,"column":4},"end":{"line":122,"column":48}},"59":{"start":{"line":123,"column":4},"end":{"line":123,"column":16}},"60":{"start":{"line":126,"column":2},"end":{"line":131,"column":5}},"61":{"start":{"line":133,"column":2},"end":{"line":140,"column":3}},"62":{"start":{"line":134,"column":4},"end":{"line":139,"column":7}},"63":{"start":{"line":135,"column":6},"end":{"line":135,"column":53}},"64":{"start":{"line":136,"column":6},"end":{"line":136,"column":59}},"65":{"start":{"line":136,"column":30},"end":{"line":136,"column":59}},"66":{"start":{"line":138,"column":6},"end":{"line":138,"column":36}},"67":{"start":{"line":141,"column":2},"end":{"line":141,"column":64}},"68":{"start":{"line":144,"column":0},"end":{"line":157,"column":1}},"69":{"start":{"line":145,"column":2},"end":{"line":156,"column":3}},"70":{"start":{"line":147,"column":6},"end":{"line":147,"column":23}},"71":{"start":{"line":151,"column":6},"end":{"line":151,"column":24}},"72":{"start":{"line":153,"column":6},"end":{"line":153,"column":21}},"73":{"start":{"line":155,"column":6},"end":{"line":155,"column":21}}},"branchMap":{"1":{"line":40,"type":"binary-expr","locations":[{"start":{"line":40,"column":24},"end":{"line":40,"column":31}},{"start":{"line":40,"column":35},"end":{"line":40,"column":37}}]},"2":{"line":41,"type":"if","locations":[{"start":{"line":41,"column":2},"end":{"line":41,"column":2}},{"start":{"line":41,"column":2},"end":{"line":41,"column":2}}]},"3":{"line":56,"type":"binary-expr","locations":[{"start":{"line":56,"column":24},"end":{"line":56,"column":31}},{"start":{"line":56,"column":35},"end":{"line":56,"column":37}}]},"4":{"line":57,"type":"binary-expr","locations":[{"start":{"line":57,"column":13},"end":{"line":57,"column":21}},{"start":{"line":57,"column":25},"end":{"line":57,"column":29}}]},"5":{"line":59,"type":"if","locations":[{"start":{"line":59,"column":2},"end":{"line":59,"column":2}},{"start":{"line":59,"column":2},"end":{"line":59,"column":2}}]},"6":{"line":68,"type":"if","locations":[{"start":{"line":68,"column":6},"end":{"line":68,"column":6}},{"start":{"line":68,"column":6},"end":{"line":68,"column":6}}]},"7":{"line":71,"type":"if","locations":[{"start":{"line":71,"column":6},"end":{"line":71,"column":6}},{"start":{"line":71,"column":6},"end":{"line":71,"column":6}}]},"8":{"line":78,"type":"if","locations":[{"start":{"line":78,"column":2},"end":{"line":78,"column":2}},{"start":{"line":78,"column":2},"end":{"line":78,"column":2}}]},"9":{"line":78,"type":"binary-expr","locations":[{"start":{"line":78,"column":6},"end":{"line":78,"column":33}},{"start":{"line":78,"column":37},"end":{"line":78,"column":51}}]},"10":{"line":79,"type":"binary-expr","locations":[{"start":{"line":79,"column":15},"end":{"line":79,"column":23}},{"start":{"line":79,"column":27},"end":{"line":79,"column":55}}]},"11":{"line":83,"type":"if","locations":[{"start":{"line":83,"column":2},"end":{"line":83,"column":2}},{"start":{"line":83,"column":2},"end":{"line":83,"column":2}}]},"12":{"line":84,"type":"binary-expr","locations":[{"start":{"line":84,"column":4},"end":{"line":84,"column":31}},{"start":{"line":85,"column":7},"end":{"line":85,"column":30}},{"start":{"line":85,"column":34},"end":{"line":85,"column":51}}]},"13":{"line":87,"type":"binary-expr","locations":[{"start":{"line":87,"column":15},"end":{"line":87,"column":23}},{"start":{"line":87,"column":27},"end":{"line":87,"column":53}}]},"14":{"line":91,"type":"if","locations":[{"start":{"line":91,"column":2},"end":{"line":91,"column":2}},{"start":{"line":91,"column":2},"end":{"line":91,"column":2}}]},"15":{"line":91,"type":"binary-expr","locations":[{"start":{"line":91,"column":6},"end":{"line":91,"column":32}},{"start":{"line":91,"column":36},"end":{"line":91,"column":54}}]},"16":{"line":99,"type":"if","locations":[{"start":{"line":99,"column":4},"end":{"line":99,"column":4}},{"start":{"line":99,"column":4},"end":{"line":99,"column":4}}]},"17":{"line":100,"type":"binary-expr","locations":[{"start":{"line":100,"column":17},"end":{"line":100,"column":25}},{"start":{"line":100,"column":29},"end":{"line":100,"column":55}}]},"18":{"line":114,"type":"binary-expr","locations":[{"start":{"line":114,"column":12},"end":{"line":114,"column":19}},{"start":{"line":114,"column":23},"end":{"line":114,"column":25}}]},"19":{"line":116,"type":"binary-expr","locations":[{"start":{"line":116,"column":14},"end":{"line":116,"column":23}},{"start":{"line":116,"column":27},"end":{"line":116,"column":47}}]},"20":{"line":118,"type":"cond-expr","locations":[{"start":{"line":118,"column":47},"end":{"line":118,"column":51}},{"start":{"line":118,"column":54},"end":{"line":118,"column":56}}]},"21":{"line":119,"type":"binary-expr","locations":[{"start":{"line":119,"column":22},"end":{"line":119,"column":48}},{"start":{"line":119,"column":52},"end":{"line":119,"column":68}}]},"22":{"line":121,"type":"if","locations":[{"start":{"line":121,"column":2},"end":{"line":121,"column":2}},{"start":{"line":121,"column":2},"end":{"line":121,"column":2}}]},"23":{"line":133,"type":"if","locations":[{"start":{"line":133,"column":2},"end":{"line":133,"column":2}},{"start":{"line":133,"column":2},"end":{"line":133,"column":2}}]},"24":{"line":136,"type":"if","locations":[{"start":{"line":136,"column":6},"end":{"line":136,"column":6}},{"start":{"line":136,"column":6},"end":{"line":136,"column":6}}]},"25":{"line":145,"type":"switch","locations":[{"start":{"line":146,"column":4},"end":{"line":147,"column":23}},{"start":{"line":148,"column":4},"end":{"line":148,"column":11}},{"start":{"line":149,"column":4},"end":{"line":149,"column":11}},{"start":{"line":150,"column":4},"end":{"line":151,"column":24}},{"start":{"line":152,"column":4},"end":{"line":153,"column":21}},{"start":{"line":154,"column":4},"end":{"line":155,"column":21}}]}},"code":["/**"," * Wrapper for the notifu 1.6 (http://www.paralint.com/projects/notifu/)","","Usage","/t <value>      The type of message to display values are:","                    info      The message is an informational message","                    warn      The message is an warning message","                    error     The message is an error message","/d <value>      The number of milliseconds to display (omit or 0 for infinit)","/p <value>      The title (or prompt) of the ballon","/m <value>      The message text","/i <value>      Specify an icon to use (\"parent\" uses the icon of the parent process)","/e              Enable ballon tips in the registry (for this user only)","/q              Do not play a sound when the tooltip is displayed","/w              Show the tooltip even if the user is in the quiet period that follows his very first login (Windows 7 and up)","/xp             Use IUserNotification interface event when IUserNotification2 is available","","// Kill codes:","  2 = Timeout","  3 = Clicked","  4 = Closed or faded out",""," */","var path = require('path');","var notifier = path.resolve(__dirname, '../vendor/notifu/notifu');","var checkGrowl = require('../lib/checkGrowl');","var utils = require('../lib/utils');","var Toaster = require('./toaster');","var Growl = require('./growl');","var os = require('os');","","var EventEmitter = require('events').EventEmitter;","var util = require('util');","","var hasGrowl = void 0;","","module.exports = WindowsBalloon;","","function WindowsBalloon(options) {","  options = utils.clone(options || {});","  if (!(this instanceof WindowsBalloon)) {","    return new WindowsBalloon(options);","  }","","  this.options = options;","","  EventEmitter.call(this);","}","util.inherits(WindowsBalloon, EventEmitter);","","function noop() {","}","WindowsBalloon.prototype.notify = function(options, callback) {","  var fallback;","  var notifierOptions = this.options;","  options = utils.clone(options || {});","  callback = callback || noop;","","  if (typeof options === 'string') {","    options = { title: 'node-notifier', message: options };","  }","","  var actionJackedCallback = utils.actionJackerDecorator(","    this,","    options,","    callback,","    function(data) {","      if (data === 'activate') {","        return 'click';","      }","      if (data === 'timeout') {","        return 'timeout';","      }","      return false;","    }","  );","","  if (!!this.options.withFallback && utils.isWin8()) {","    fallback = fallback || new Toaster(notifierOptions);","    return fallback.notify(options, callback);","  }","","  if (","    !!this.options.withFallback &&","      (!utils.isLessThanWin8() || hasGrowl === true)","  ) {","    fallback = fallback || new Growl(notifierOptions);","    return fallback.notify(options, callback);","  }","","  if (!this.options.withFallback || hasGrowl === false) {","    doNotification(options, notifierOptions, actionJackedCallback);","    return this;","  }","","  checkGrowl(notifierOptions, function(hasGrowlResult) {","    hasGrowl = hasGrowlResult;","","    if (hasGrowl) {","      fallback = fallback || new Growl(notifierOptions);","      return fallback.notify(options, callback);","    }","","    doNotification(options, notifierOptions, actionJackedCallback);","  });","","  return this;","};","","var allowedArguments = [ 't', 'd', 'p', 'm', 'i', 'e', 'q', 'w', 'xp' ];","","function doNotification(options, notifierOptions, callback) {","  var is64Bit = os.arch() === 'x64';","  options = options || {};","  options = utils.mapToNotifu(options);","  options.p = options.p || 'Node Notification:';","","  var fullNotifierPath = notifier + (is64Bit ? '64' : '') + '.exe';","  var localNotifier = notifierOptions.customPath || fullNotifierPath;","","  if (!options.m) {","    callback(new Error('Message is required.'));","    return this;","  }","","  var argsList = utils.constructArgumentList(options, {","    wrapper: '',","    noEscape: true,","    explicitTrue: true,","    allowedArguments: allowedArguments","  });","","  if (options.wait) {","    return utils.fileCommand(localNotifier, argsList, function(error, data) {","      var action = fromErrorCodeToAction(error.code);","      if (action === 'error') return callback(error, data);","","      return callback(null, action);","    });","  }","  utils.immediateFileCommand(localNotifier, argsList, callback);","}","","function fromErrorCodeToAction(errorCode) {","  switch (errorCode) {","    case 2:","      return 'timeout';","    case 3:","    case 6:","    case 7:","      return 'activate';","    case 4:","      return 'close';","    default:","      return 'error';","  }","}",""],"l":{"24":1,"25":1,"26":1,"27":1,"28":1,"29":1,"30":1,"32":1,"33":1,"35":1,"37":1,"39":1,"40":0,"41":0,"42":0,"45":0,"47":0,"49":1,"51":1,"53":1,"54":0,"55":0,"56":0,"57":0,"59":0,"60":0,"63":0,"68":0,"69":0,"71":0,"72":0,"74":0,"78":0,"79":0,"80":0,"83":0,"87":0,"88":0,"91":0,"92":0,"93":0,"96":0,"97":0,"99":0,"100":0,"101":0,"104":0,"107":0,"110":1,"112":1,"113":0,"114":0,"115":0,"116":0,"118":0,"119":0,"121":0,"122":0,"123":0,"126":0,"133":0,"134":0,"135":0,"136":0,"138":0,"141":0,"144":1,"145":0,"147":0,"151":0,"153":0,"155":0}}}